<?xml version="1.0" encoding="UTF-8" ?>
<testsuite tests="13" failures="9" name="TestSuite" time="266.375" errors="0" skipped="0">
  <properties>
[...]
</properties>
  <testcase classname="test.LunBoTest" name="addSYLB" time="16.18">
    <failure message="断言结果：轮播图位置已满，请先删除广告位！" type="java.lang.AssertionError">java.lang.AssertionError: 断言结果：轮播图位置已满，请先删除广告位！
	at org.testng.Assert.fail(Assert.java:94)
	at org.testng.Assert.assertNotEquals(Assert.java:758)
	at common.AssertUtil.assertNotEquals(AssertUtil.java:30)
	at pages.lunbo.SYLBPage.checkPicNum(SYLBPage.java:94)
	at pages.lunbo.SYLBPage.addSYLB(SYLBPage.java:49)
	at test.LunBoTest.addSYLB(LunBoTest.java:56)
</failure>
  </testcase>
  <testcase classname="test.LunBoTest" name="addSYLB" time="16.074">
    <failure message="断言结果：轮播图位置已满，请先删除广告位！" type="java.lang.AssertionError">java.lang.AssertionError: 断言结果：轮播图位置已满，请先删除广告位！
	at org.testng.Assert.fail(Assert.java:94)
	at org.testng.Assert.assertNotEquals(Assert.java:758)
	at common.AssertUtil.assertNotEquals(AssertUtil.java:30)
	at pages.lunbo.SYLBPage.checkPicNum(SYLBPage.java:94)
	at pages.lunbo.SYLBPage.addSYLB(SYLBPage.java:49)
	at test.LunBoTest.addSYLB(LunBoTest.java:56)
</failure>
  </testcase>
  <testcase classname="test.LunBoTest" name="addSYLB" time="15.794">
    <failure message="断言结果：轮播图位置已满，请先删除广告位！" type="java.lang.AssertionError">java.lang.AssertionError: 断言结果：轮播图位置已满，请先删除广告位！
	at org.testng.Assert.fail(Assert.java:94)
	at org.testng.Assert.assertNotEquals(Assert.java:758)
	at common.AssertUtil.assertNotEquals(AssertUtil.java:30)
	at pages.lunbo.SYLBPage.checkPicNum(SYLBPage.java:94)
	at pages.lunbo.SYLBPage.addSYLB(SYLBPage.java:49)
	at test.LunBoTest.addSYLB(LunBoTest.java:56)
</failure>
  </testcase>
  <testcase classname="test.LunBoTest" name="addZBTG" time="15.944">
    <failure message="断言结果：轮播图位置已满，请先删除广告位！" type="java.lang.AssertionError">java.lang.AssertionError: 断言结果：轮播图位置已满，请先删除广告位！
	at org.testng.Assert.fail(Assert.java:94)
	at org.testng.Assert.assertNotEquals(Assert.java:758)
	at common.AssertUtil.assertNotEquals(AssertUtil.java:30)
	at pages.lunbo.SYLBPage.checkPicNum(SYLBPage.java:94)
	at pages.lunbo.ZBTGPage.addZBTG(ZBTGPage.java:31)
	at test.LunBoTest.addZBTG(LunBoTest.java:68)
</failure>
  </testcase>
  <testcase classname="test.LunBoTest" name="addZBTG" time="15.803">
    <failure message="断言结果：轮播图位置已满，请先删除广告位！" type="java.lang.AssertionError">java.lang.AssertionError: 断言结果：轮播图位置已满，请先删除广告位！
	at org.testng.Assert.fail(Assert.java:94)
	at org.testng.Assert.assertNotEquals(Assert.java:758)
	at common.AssertUtil.assertNotEquals(AssertUtil.java:30)
	at pages.lunbo.SYLBPage.checkPicNum(SYLBPage.java:94)
	at pages.lunbo.ZBTGPage.addZBTG(ZBTGPage.java:31)
	at test.LunBoTest.addZBTG(LunBoTest.java:68)
</failure>
  </testcase>
  <testcase classname="test.LunBoTest" name="addZBTG" time="15.904">
    <failure message="断言结果：轮播图位置已满，请先删除广告位！" type="java.lang.AssertionError">java.lang.AssertionError: 断言结果：轮播图位置已满，请先删除广告位！
	at org.testng.Assert.fail(Assert.java:94)
	at org.testng.Assert.assertNotEquals(Assert.java:758)
	at common.AssertUtil.assertNotEquals(AssertUtil.java:30)
	at pages.lunbo.SYLBPage.checkPicNum(SYLBPage.java:94)
	at pages.lunbo.ZBTGPage.addZBTG(ZBTGPage.java:31)
	at test.LunBoTest.addZBTG(LunBoTest.java:68)
</failure>
  </testcase>
  <testcase classname="test.LunBoTest" name="addJFSC" time="15.909">
    <failure message="断言结果：轮播图位置已满，请先删除广告位！" type="java.lang.AssertionError">java.lang.AssertionError: 断言结果：轮播图位置已满，请先删除广告位！
	at org.testng.Assert.fail(Assert.java:94)
	at org.testng.Assert.assertNotEquals(Assert.java:758)
	at common.AssertUtil.assertNotEquals(AssertUtil.java:30)
	at pages.lunbo.SYLBPage.checkPicNum(SYLBPage.java:94)
	at pages.lunbo.JFSCPage.addJFSC(JFSCPage.java:27)
	at test.LunBoTest.addJFSC(LunBoTest.java:80)
</failure>
  </testcase>
  <testcase classname="test.LunBoTest" name="addJFSC" time="15.93">
    <failure message="断言结果：轮播图位置已满，请先删除广告位！" type="java.lang.AssertionError">java.lang.AssertionError: 断言结果：轮播图位置已满，请先删除广告位！
	at org.testng.Assert.fail(Assert.java:94)
	at org.testng.Assert.assertNotEquals(Assert.java:758)
	at common.AssertUtil.assertNotEquals(AssertUtil.java:30)
	at pages.lunbo.SYLBPage.checkPicNum(SYLBPage.java:94)
	at pages.lunbo.JFSCPage.addJFSC(JFSCPage.java:27)
	at test.LunBoTest.addJFSC(LunBoTest.java:80)
</failure>
  </testcase>
  <testcase classname="test.LunBoTest" name="addJFSC" time="29.653">
    <failure message="断言结果：轮播图位置已满，请先删除广告位！" type="java.lang.AssertionError">java.lang.AssertionError: 断言结果：轮播图位置已满，请先删除广告位！
	at org.testng.Assert.fail(Assert.java:94)
	at org.testng.Assert.assertNotEquals(Assert.java:758)
	at common.AssertUtil.assertNotEquals(AssertUtil.java:30)
	at pages.lunbo.SYLBPage.checkPicNum(SYLBPage.java:94)
	at pages.lunbo.JFSCPage.addJFSC(JFSCPage.java:27)
	at test.LunBoTest.addJFSC(LunBoTest.java:80)
</failure>
  </testcase>
  <testcase classname="test.LunBoTest" name="addZBRK" time="18.132"/>
  <testcase classname="test.LunBoTest" name="addJFRK" time="17.733"/>
  <testcase classname="test.LunBoTest" name="addApp" time="17.157"/>
  <testcase classname="test.TGTest" name="tuangou_xiadan" time="22.481"/>
</testsuite>