<?xml version="1.0" encoding="UTF-8"?>
<testsuite name="TestSuite" time="37.644" tests="4" errors="0" skipped="0" failures="4">
  <properties>
[...]
</properties>
  <testcase name="tuangou_xiadan" classname="test.TGTest" time="9.781">
    <failure message="no such frame&#10;  (Session info: chrome=68.0.3440.106)&#10;  (Driver info: chromedriver=2.38.552522 (437e6fbedfa8762dec75e2c5b3ddb86763dc9dcb),platform=Windows NT 10.0.17134 x86_64) (WARNING: The server did not provide any stacktrace information)&#10;Command duration or timeout: 16 milliseconds&#10;Build info: version: &apos;2.53.0&apos;, revision: &apos;35ae25b1534ae328c771e0856c93e187490ca824&apos;, time: &apos;2016-03-15 10:43:46&apos;&#10;System info: host: &apos;DESKTOP5C&apos;, ip: &apos;172.16.0.16&apos;, os.name: &apos;Windows 10&apos;, os.arch: &apos;amd64&apos;, os.version: &apos;10.0&apos;, java.version: &apos;1.8.0_112&apos;&#10;Driver info: org.openqa.selenium.chrome.ChromeDriver&#10;Capabilities [{applicationCacheEnabled=false, rotatable=false, mobileEmulationEnabled=false, networkConnectionEnabled=false, chrome={chromedriverVersion=2.38.552522 (437e6fbedfa8762dec75e2c5b3ddb86763dc9dcb), userDataDir=C:\Users\admin\AppData\Local\Temp\scoped_dir9516_29771}, takesHeapSnapshot=true, pageLoadStrategy=normal, databaseEnabled=false, handlesAlerts=true, hasTouchScreen=false, version=68.0.3440.106, platform=XP, browserConnectionEnabled=false, nativeEvents=true, acceptSslCerts=false, acceptInsecureCerts=false, locationContextEnabled=true, webStorageEnabled=true, browserName=chrome, takesScreenshot=true, javascriptEnabled=true, cssSelectorsEnabled=true, setWindowRect=true, unexpectedAlertBehaviour=}]&#10;Session ID: 3f10e73a66d2f8575a7b5be3bae23ad8" type="org.openqa.selenium.NoSuchFrameException">org.openqa.selenium.NoSuchFrameException: no such frame
  (Session info: chrome=68.0.3440.106)
  (Driver info: chromedriver=2.38.552522 (437e6fbedfa8762dec75e2c5b3ddb86763dc9dcb),platform=Windows NT 10.0.17134 x86_64) (WARNING: The server did not provide any stacktrace information)
Command duration or timeout: 16 milliseconds
Build info: version: '2.53.0', revision: '35ae25b1534ae328c771e0856c93e187490ca824', time: '2016-03-15 10:43:46'
System info: host: 'DESKTOP5C', ip: '172.16.0.16', os.name: 'Windows 10', os.arch: 'amd64', os.version: '10.0', java.version: '1.8.0_112'
Driver info: org.openqa.selenium.chrome.ChromeDriver
Capabilities [{applicationCacheEnabled=false, rotatable=false, mobileEmulationEnabled=false, networkConnectionEnabled=false, chrome={chromedriverVersion=2.38.552522 (437e6fbedfa8762dec75e2c5b3ddb86763dc9dcb), userDataDir=C:\Users\admin\AppData\Local\Temp\scoped_dir9516_29771}, takesHeapSnapshot=true, pageLoadStrategy=normal, databaseEnabled=false, handlesAlerts=true, hasTouchScreen=false, version=68.0.3440.106, platform=XP, browserConnectionEnabled=false, nativeEvents=true, acceptSslCerts=false, acceptInsecureCerts=false, locationContextEnabled=true, webStorageEnabled=true, browserName=chrome, takesScreenshot=true, javascriptEnabled=true, cssSelectorsEnabled=true, setWindowRect=true, unexpectedAlertBehaviour=}]
Session ID: 3f10e73a66d2f8575a7b5be3bae23ad8
	at sun.reflect.NativeConstructorAccessorImpl.newInstance0(Native Method)
	at sun.reflect.NativeConstructorAccessorImpl.newInstance(NativeConstructorAccessorImpl.java:62)
	at sun.reflect.DelegatingConstructorAccessorImpl.newInstance(DelegatingConstructorAccessorImpl.java:45)
	at java.lang.reflect.Constructor.newInstance(Constructor.java:423)
	at org.openqa.selenium.remote.ErrorHandler.createThrowable(ErrorHandler.java:206)
	at org.openqa.selenium.remote.ErrorHandler.throwIfResponseFailed(ErrorHandler.java:158)
	at org.openqa.selenium.remote.RemoteWebDriver.execute(RemoteWebDriver.java:678)
	at org.openqa.selenium.remote.RemoteWebDriver$RemoteTargetLocator.frame(RemoteWebDriver.java:984)
	at pages.tuangou.TGHomePage.dd_again(TGHomePage.java:106)
	at test.TGTest.tuangou_xiadan(TGTest.java:40)
</failure>
    <system-out><![CDATA[2018-09-05 11:20:01  INFO LoggerUtil:23 - 初始化chromedriver成功！
2018-09-05 11:20:03  INFO LoggerUtil:23 - 浏览器打开网页：http://192.168.10.202/group/grouponHome.html
2018-09-05 11:20:04  INFO LoggerUtil:23 - 浏览器将网页最大化
2018-09-05 11:20:04  INFO LoggerUtil:23 - 页面强制等待：2000毫秒
2018-09-05 11:20:06  INFO LoggerUtil:23 - 获取网页元素：/html/body/div[1]/div[1]/div/div[2]/div[2]/div[1]
2018-09-05 11:20:08  INFO LoggerUtil:23 - 点击页面元素：[[ChromeDriver: chrome on XP (3f10e73a66d2f8575a7b5be3bae23ad8)] -> xpath: /html/body/div[1]/div[1]/div/div[2]/div[2]/div[1]]
2018-09-05 11:20:08  INFO LoggerUtil:23 - 确认脚本运行当前路径与期盼路径一致性
2018-09-05 11:20:08  INFO LoggerUtil:23 - 浏览器当前页面url是：http://192.168.10.202/login.html?redirectURL=http%3A%2F%2F192.168.10.202%2Fgroup%2FgrouponHome.html
2018-09-05 11:20:08  INFO LoggerUtil:23 - 断言验证：验证页面元素实际值：http://192.168.10.202/login.html?redirectURL=http%3A%2F%2F192.168.10.202%2Fgroup%2FgrouponHome.html与期望值：http://192.168.10.202/login.html?redirectURL=http%3A%2F%2F192.168.10.202%2Fgroup%2FgrouponHome.html相同
2018-09-05 11:20:08  INFO LoggerUtil:23 - 获取网页元素：//*[@id="username"]
2018-09-05 11:20:08  INFO LoggerUtil:23 - 元素赋值内容：18868196139，元素：[[ChromeDriver: chrome on XP (3f10e73a66d2f8575a7b5be3bae23ad8)] -> xpath: //*[@id="username"]]
2018-09-05 11:20:08  INFO LoggerUtil:23 - 获取网页元素：//*[@id="password"]
2018-09-05 11:20:08  INFO LoggerUtil:23 - 元素赋值内容：dj123456，元素：[[ChromeDriver: chrome on XP (3f10e73a66d2f8575a7b5be3bae23ad8)] -> xpath: //*[@id="password"]]
2018-09-05 11:20:08  INFO LoggerUtil:23 - 获取网页元素：//*[@id="login-button"]
2018-09-05 11:20:08  INFO LoggerUtil:23 - 点击页面元素：[[ChromeDriver: chrome on XP (3f10e73a66d2f8575a7b5be3bae23ad8)] -> xpath: //*[@id="login-button"]]
2018-09-05 11:20:08  INFO LoggerUtil:23 - 页面强制等待：2000毫秒
2018-09-05 11:20:10  INFO LoggerUtil:23 - 获取网页元素：/html/body/div[1]/div[1]/div/div[2]/div[2]/div[2]/div[1]/span[1]
2018-09-05 11:20:10  INFO LoggerUtil:23 - 断言验证：验证页面元素实际值：fsss果实企业与期望值：fsss果实企业相同
2018-09-05 11:20:10  INFO LoggerUtil:23 - 成功登录团购平台，用户名：18868196139
2018-09-05 11:20:10  INFO LoggerUtil:23 - -------ui test begin-------
2018-09-05 11:20:10  INFO LoggerUtil:23 - 团购下单脚本开始
2018-09-05 11:20:11  INFO LoggerUtil:23 - 获取网页元素：/html/body/div[1]/div[1]/div/div[2]/div[2]/div[2]/div[1]/span[2]
2018-09-05 11:20:12  INFO LoggerUtil:23 - 点击页面元素：[[ChromeDriver: chrome on XP (3f10e73a66d2f8575a7b5be3bae23ad8)] -> xpath: /html/body/div[1]/div[1]/div/div[2]/div[2]/div[2]/div[1]/span[2]]
2018-09-05 11:20:12  INFO LoggerUtil:23 - 确认脚本运行当前路径与期盼路径一致性
2018-09-05 11:20:12  INFO LoggerUtil:23 - 浏览器当前页面url是：http://192.168.10.202/personalCenter.html
2018-09-05 11:20:12  INFO LoggerUtil:23 - 断言验证：验证页面元素实际值：http://192.168.10.202/personalCenter.html与期望值：http://192.168.10.202/personalCenter.html相同
2018-09-05 11:20:12  INFO LoggerUtil:23 - 进入我的中心页面
2018-09-05 11:20:12  INFO LoggerUtil:23 - 获取网页元素：/html/body/div[2]/div/div[1]/ul/li[1]/ul/li[1]/a
2018-09-05 11:20:12  INFO LoggerUtil:23 - 点击页面元素：[[ChromeDriver: chrome on XP (3f10e73a66d2f8575a7b5be3bae23ad8)] -> xpath: /html/body/div[2]/div/div[1]/ul/li[1]/ul/li[1]/a]
2018-09-05 11:20:12  INFO LoggerUtil:23 - 确认脚本运行当前路径与期盼路径一致性
2018-09-05 11:20:12  INFO LoggerUtil:23 - 浏览器当前页面url是：http://192.168.10.202/personalCenter.html#!paperboardOrder
2018-09-05 11:20:12  INFO LoggerUtil:23 - 断言验证：验证页面元素实际值：http://192.168.10.202/personalCenter.html#!paperboardOrder与期望值：http://192.168.10.202/personalCenter.html#!paperboardOrder相同
2018-09-05 11:20:12  INFO LoggerUtil:23 - 进入纸板团购订单页面
2018-09-05 11:20:12  INFO LoggerUtil:23 - 页面强制等待：2000毫秒
2018-09-05 11:20:14  INFO LoggerUtil:23 - 进入纸板团购全部订单页面
2018-09-05 11:20:14  INFO LoggerUtil:23 - 页面强制等待：2000毫秒
2018-09-05 11:20:16  INFO LoggerUtil:23 - 获取网页元素：/html/body/div[2]/div[5]/div[1]/div/div[2]/ul[2]/li[6]/a[2]
2018-09-05 11:20:16  INFO LoggerUtil:23 - 点击页面元素：[[ChromeDriver: chrome on XP (3f10e73a66d2f8575a7b5be3bae23ad8)] -> xpath: /html/body/div[2]/div[5]/div[1]/div/div[2]/ul[2]/li[6]/a[2]]
2018-09-05 11:20:16  INFO LoggerUtil:23 - 页面强制等待：2000毫秒
2018-09-05 11:20:18  INFO LoggerUtil:23 - 页面强制等待：2000毫秒
2018-09-05 11:20:20  INFO LoggerUtil:23 - 进入订单详情页面
]]></system-out>
    <system-err><![CDATA[log4j:WARN No such property [datePattern] in org.apache.log4j.FileAppender.
Starting ChromeDriver 2.38.552522 (437e6fbedfa8762dec75e2c5b3ddb86763dc9dcb) on port 48540
Only local connections are allowed.
]]></system-err>
  </testcase>
  <testcase name="tuangou_xiadan" classname="test.TGTest" time="9.301">
    <failure message="no such frame&#10;  (Session info: chrome=68.0.3440.106)&#10;  (Driver info: chromedriver=2.38.552522 (437e6fbedfa8762dec75e2c5b3ddb86763dc9dcb),platform=Windows NT 10.0.17134 x86_64) (WARNING: The server did not provide any stacktrace information)&#10;Command duration or timeout: 25 milliseconds&#10;Build info: version: &apos;2.53.0&apos;, revision: &apos;35ae25b1534ae328c771e0856c93e187490ca824&apos;, time: &apos;2016-03-15 10:43:46&apos;&#10;System info: host: &apos;DESKTOP5C&apos;, ip: &apos;172.16.0.16&apos;, os.name: &apos;Windows 10&apos;, os.arch: &apos;amd64&apos;, os.version: &apos;10.0&apos;, java.version: &apos;1.8.0_112&apos;&#10;Driver info: org.openqa.selenium.chrome.ChromeDriver&#10;Capabilities [{applicationCacheEnabled=false, rotatable=false, mobileEmulationEnabled=false, networkConnectionEnabled=false, chrome={chromedriverVersion=2.38.552522 (437e6fbedfa8762dec75e2c5b3ddb86763dc9dcb), userDataDir=C:\Users\admin\AppData\Local\Temp\scoped_dir9516_29771}, takesHeapSnapshot=true, pageLoadStrategy=normal, databaseEnabled=false, handlesAlerts=true, hasTouchScreen=false, version=68.0.3440.106, platform=XP, browserConnectionEnabled=false, nativeEvents=true, acceptSslCerts=false, acceptInsecureCerts=false, locationContextEnabled=true, webStorageEnabled=true, browserName=chrome, takesScreenshot=true, javascriptEnabled=true, cssSelectorsEnabled=true, setWindowRect=true, unexpectedAlertBehaviour=}]&#10;Session ID: 3f10e73a66d2f8575a7b5be3bae23ad8" type="org.openqa.selenium.NoSuchFrameException">org.openqa.selenium.NoSuchFrameException: no such frame
  (Session info: chrome=68.0.3440.106)
  (Driver info: chromedriver=2.38.552522 (437e6fbedfa8762dec75e2c5b3ddb86763dc9dcb),platform=Windows NT 10.0.17134 x86_64) (WARNING: The server did not provide any stacktrace information)
Command duration or timeout: 25 milliseconds
Build info: version: '2.53.0', revision: '35ae25b1534ae328c771e0856c93e187490ca824', time: '2016-03-15 10:43:46'
System info: host: 'DESKTOP5C', ip: '172.16.0.16', os.name: 'Windows 10', os.arch: 'amd64', os.version: '10.0', java.version: '1.8.0_112'
Driver info: org.openqa.selenium.chrome.ChromeDriver
Capabilities [{applicationCacheEnabled=false, rotatable=false, mobileEmulationEnabled=false, networkConnectionEnabled=false, chrome={chromedriverVersion=2.38.552522 (437e6fbedfa8762dec75e2c5b3ddb86763dc9dcb), userDataDir=C:\Users\admin\AppData\Local\Temp\scoped_dir9516_29771}, takesHeapSnapshot=true, pageLoadStrategy=normal, databaseEnabled=false, handlesAlerts=true, hasTouchScreen=false, version=68.0.3440.106, platform=XP, browserConnectionEnabled=false, nativeEvents=true, acceptSslCerts=false, acceptInsecureCerts=false, locationContextEnabled=true, webStorageEnabled=true, browserName=chrome, takesScreenshot=true, javascriptEnabled=true, cssSelectorsEnabled=true, setWindowRect=true, unexpectedAlertBehaviour=}]
Session ID: 3f10e73a66d2f8575a7b5be3bae23ad8
	at sun.reflect.NativeConstructorAccessorImpl.newInstance0(Native Method)
	at sun.reflect.NativeConstructorAccessorImpl.newInstance(NativeConstructorAccessorImpl.java:62)
	at sun.reflect.DelegatingConstructorAccessorImpl.newInstance(DelegatingConstructorAccessorImpl.java:45)
	at java.lang.reflect.Constructor.newInstance(Constructor.java:423)
	at org.openqa.selenium.remote.ErrorHandler.createThrowable(ErrorHandler.java:206)
	at org.openqa.selenium.remote.ErrorHandler.throwIfResponseFailed(ErrorHandler.java:158)
	at org.openqa.selenium.remote.RemoteWebDriver.execute(RemoteWebDriver.java:678)
	at org.openqa.selenium.remote.RemoteWebDriver$RemoteTargetLocator.frame(RemoteWebDriver.java:984)
	at pages.tuangou.TGHomePage.dd_again(TGHomePage.java:106)
	at test.TGTest.tuangou_xiadan(TGTest.java:40)
</failure>
    <system-out><![CDATA[-------------------------failcount=1
2018-09-05 11:20:21  INFO LoggerUtil:23 - 本地失败截图tuangou_xiadan_0905112020.png已保存
开始上传文件
读取本地文件
connecting...ftp服务器:172.16.0.16:21
connect successfu...ftp服务器:172.16.0.16:21
上传文件成功
图片上传至服务器。。。
删除最老一天的目录文件夹成功！
2018-09-05 11:20:21  INFO LoggerUtil:23 - >>>>用例失败，开始重试第1次
2018-09-05 11:20:21  INFO LoggerUtil:23 - -------ui test begin-------
2018-09-05 11:20:21  INFO LoggerUtil:23 - 团购下单脚本开始
2018-09-05 11:20:21  INFO LoggerUtil:23 - 获取网页元素：/html/body/div[1]/div[1]/div/div[2]/div[2]/div[2]/div[1]/span[2]
2018-09-05 11:20:21  INFO LoggerUtil:23 - 点击页面元素：[[ChromeDriver: chrome on XP (3f10e73a66d2f8575a7b5be3bae23ad8)] -> xpath: /html/body/div[1]/div[1]/div/div[2]/div[2]/div[2]/div[1]/span[2]]
2018-09-05 11:20:21  INFO LoggerUtil:23 - 确认脚本运行当前路径与期盼路径一致性
2018-09-05 11:20:21  INFO LoggerUtil:23 - 浏览器当前页面url是：http://192.168.10.202/personalCenter.html
2018-09-05 11:20:21  INFO LoggerUtil:23 - 断言验证：验证页面元素实际值：http://192.168.10.202/personalCenter.html与期望值：http://192.168.10.202/personalCenter.html相同
2018-09-05 11:20:21  INFO LoggerUtil:23 - 进入我的中心页面
2018-09-05 11:20:21  INFO LoggerUtil:23 - 获取网页元素：/html/body/div[2]/div/div[1]/ul/li[1]/ul/li[1]/a
2018-09-05 11:20:22  INFO LoggerUtil:23 - 点击页面元素：[[ChromeDriver: chrome on XP (3f10e73a66d2f8575a7b5be3bae23ad8)] -> xpath: /html/body/div[2]/div/div[1]/ul/li[1]/ul/li[1]/a]
2018-09-05 11:20:22  INFO LoggerUtil:23 - 确认脚本运行当前路径与期盼路径一致性
2018-09-05 11:20:22  INFO LoggerUtil:23 - 浏览器当前页面url是：http://192.168.10.202/personalCenter.html#!paperboardOrder
2018-09-05 11:20:22  INFO LoggerUtil:23 - 断言验证：验证页面元素实际值：http://192.168.10.202/personalCenter.html#!paperboardOrder与期望值：http://192.168.10.202/personalCenter.html#!paperboardOrder相同
2018-09-05 11:20:22  INFO LoggerUtil:23 - 进入纸板团购订单页面
2018-09-05 11:20:22  INFO LoggerUtil:23 - 页面强制等待：2000毫秒
2018-09-05 11:20:24  INFO LoggerUtil:23 - 进入纸板团购全部订单页面
2018-09-05 11:20:24  INFO LoggerUtil:23 - 页面强制等待：2000毫秒
2018-09-05 11:20:26  INFO LoggerUtil:23 - 获取网页元素：/html/body/div[2]/div[5]/div[1]/div/div[2]/ul[2]/li[6]/a[2]
2018-09-05 11:20:26  INFO LoggerUtil:23 - 点击页面元素：[[ChromeDriver: chrome on XP (3f10e73a66d2f8575a7b5be3bae23ad8)] -> xpath: /html/body/div[2]/div[5]/div[1]/div/div[2]/ul[2]/li[6]/a[2]]
2018-09-05 11:20:26  INFO LoggerUtil:23 - 页面强制等待：2000毫秒
2018-09-05 11:20:28  INFO LoggerUtil:23 - 页面强制等待：2000毫秒
2018-09-05 11:20:30  INFO LoggerUtil:23 - 进入订单详情页面
]]></system-out>
  </testcase>
  <testcase name="tuangou_xiadan" classname="test.TGTest" time="9.364">
    <failure message="no such frame&#10;  (Session info: chrome=68.0.3440.106)&#10;  (Driver info: chromedriver=2.38.552522 (437e6fbedfa8762dec75e2c5b3ddb86763dc9dcb),platform=Windows NT 10.0.17134 x86_64) (WARNING: The server did not provide any stacktrace information)&#10;Command duration or timeout: 18 milliseconds&#10;Build info: version: &apos;2.53.0&apos;, revision: &apos;35ae25b1534ae328c771e0856c93e187490ca824&apos;, time: &apos;2016-03-15 10:43:46&apos;&#10;System info: host: &apos;DESKTOP5C&apos;, ip: &apos;172.16.0.16&apos;, os.name: &apos;Windows 10&apos;, os.arch: &apos;amd64&apos;, os.version: &apos;10.0&apos;, java.version: &apos;1.8.0_112&apos;&#10;Driver info: org.openqa.selenium.chrome.ChromeDriver&#10;Capabilities [{applicationCacheEnabled=false, rotatable=false, mobileEmulationEnabled=false, networkConnectionEnabled=false, chrome={chromedriverVersion=2.38.552522 (437e6fbedfa8762dec75e2c5b3ddb86763dc9dcb), userDataDir=C:\Users\admin\AppData\Local\Temp\scoped_dir9516_29771}, takesHeapSnapshot=true, pageLoadStrategy=normal, databaseEnabled=false, handlesAlerts=true, hasTouchScreen=false, version=68.0.3440.106, platform=XP, browserConnectionEnabled=false, nativeEvents=true, acceptSslCerts=false, acceptInsecureCerts=false, locationContextEnabled=true, webStorageEnabled=true, browserName=chrome, takesScreenshot=true, javascriptEnabled=true, cssSelectorsEnabled=true, setWindowRect=true, unexpectedAlertBehaviour=}]&#10;Session ID: 3f10e73a66d2f8575a7b5be3bae23ad8" type="org.openqa.selenium.NoSuchFrameException">org.openqa.selenium.NoSuchFrameException: no such frame
  (Session info: chrome=68.0.3440.106)
  (Driver info: chromedriver=2.38.552522 (437e6fbedfa8762dec75e2c5b3ddb86763dc9dcb),platform=Windows NT 10.0.17134 x86_64) (WARNING: The server did not provide any stacktrace information)
Command duration or timeout: 18 milliseconds
Build info: version: '2.53.0', revision: '35ae25b1534ae328c771e0856c93e187490ca824', time: '2016-03-15 10:43:46'
System info: host: 'DESKTOP5C', ip: '172.16.0.16', os.name: 'Windows 10', os.arch: 'amd64', os.version: '10.0', java.version: '1.8.0_112'
Driver info: org.openqa.selenium.chrome.ChromeDriver
Capabilities [{applicationCacheEnabled=false, rotatable=false, mobileEmulationEnabled=false, networkConnectionEnabled=false, chrome={chromedriverVersion=2.38.552522 (437e6fbedfa8762dec75e2c5b3ddb86763dc9dcb), userDataDir=C:\Users\admin\AppData\Local\Temp\scoped_dir9516_29771}, takesHeapSnapshot=true, pageLoadStrategy=normal, databaseEnabled=false, handlesAlerts=true, hasTouchScreen=false, version=68.0.3440.106, platform=XP, browserConnectionEnabled=false, nativeEvents=true, acceptSslCerts=false, acceptInsecureCerts=false, locationContextEnabled=true, webStorageEnabled=true, browserName=chrome, takesScreenshot=true, javascriptEnabled=true, cssSelectorsEnabled=true, setWindowRect=true, unexpectedAlertBehaviour=}]
Session ID: 3f10e73a66d2f8575a7b5be3bae23ad8
	at sun.reflect.NativeConstructorAccessorImpl.newInstance0(Native Method)
	at sun.reflect.NativeConstructorAccessorImpl.newInstance(NativeConstructorAccessorImpl.java:62)
	at sun.reflect.DelegatingConstructorAccessorImpl.newInstance(DelegatingConstructorAccessorImpl.java:45)
	at java.lang.reflect.Constructor.newInstance(Constructor.java:423)
	at org.openqa.selenium.remote.ErrorHandler.createThrowable(ErrorHandler.java:206)
	at org.openqa.selenium.remote.ErrorHandler.throwIfResponseFailed(ErrorHandler.java:158)
	at org.openqa.selenium.remote.RemoteWebDriver.execute(RemoteWebDriver.java:678)
	at org.openqa.selenium.remote.RemoteWebDriver$RemoteTargetLocator.frame(RemoteWebDriver.java:984)
	at pages.tuangou.TGHomePage.dd_again(TGHomePage.java:106)
	at test.TGTest.tuangou_xiadan(TGTest.java:40)
</failure>
    <system-out><![CDATA[-------------------------failcount=2
2018-09-05 11:20:30  INFO LoggerUtil:23 - 本地失败截图tuangou_xiadan_0905112030.png已保存
开始上传文件
读取本地文件
connecting...ftp服务器:172.16.0.16:21
connect successfu...ftp服务器:172.16.0.16:21
上传文件成功
图片上传至服务器。。。
删除最老一天的目录文件夹成功！
2018-09-05 11:20:30  INFO LoggerUtil:23 - >>>>用例失败，开始重试第2次
2018-09-05 11:20:30  INFO LoggerUtil:23 - -------ui test begin-------
2018-09-05 11:20:30  INFO LoggerUtil:23 - 团购下单脚本开始
2018-09-05 11:20:31  INFO LoggerUtil:23 - 获取网页元素：/html/body/div[1]/div[1]/div/div[2]/div[2]/div[2]/div[1]/span[2]
2018-09-05 11:20:31  INFO LoggerUtil:23 - 点击页面元素：[[ChromeDriver: chrome on XP (3f10e73a66d2f8575a7b5be3bae23ad8)] -> xpath: /html/body/div[1]/div[1]/div/div[2]/div[2]/div[2]/div[1]/span[2]]
2018-09-05 11:20:31  INFO LoggerUtil:23 - 确认脚本运行当前路径与期盼路径一致性
2018-09-05 11:20:31  INFO LoggerUtil:23 - 浏览器当前页面url是：http://192.168.10.202/personalCenter.html
2018-09-05 11:20:31  INFO LoggerUtil:23 - 断言验证：验证页面元素实际值：http://192.168.10.202/personalCenter.html与期望值：http://192.168.10.202/personalCenter.html相同
2018-09-05 11:20:31  INFO LoggerUtil:23 - 进入我的中心页面
2018-09-05 11:20:31  INFO LoggerUtil:23 - 获取网页元素：/html/body/div[2]/div/div[1]/ul/li[1]/ul/li[1]/a
2018-09-05 11:20:31  INFO LoggerUtil:23 - 点击页面元素：[[ChromeDriver: chrome on XP (3f10e73a66d2f8575a7b5be3bae23ad8)] -> xpath: /html/body/div[2]/div/div[1]/ul/li[1]/ul/li[1]/a]
2018-09-05 11:20:31  INFO LoggerUtil:23 - 确认脚本运行当前路径与期盼路径一致性
2018-09-05 11:20:31  INFO LoggerUtil:23 - 浏览器当前页面url是：http://192.168.10.202/personalCenter.html#!paperboardOrder
2018-09-05 11:20:31  INFO LoggerUtil:23 - 断言验证：验证页面元素实际值：http://192.168.10.202/personalCenter.html#!paperboardOrder与期望值：http://192.168.10.202/personalCenter.html#!paperboardOrder相同
2018-09-05 11:20:31  INFO LoggerUtil:23 - 进入纸板团购订单页面
2018-09-05 11:20:31  INFO LoggerUtil:23 - 页面强制等待：2000毫秒
2018-09-05 11:20:33  INFO LoggerUtil:23 - 进入纸板团购全部订单页面
2018-09-05 11:20:33  INFO LoggerUtil:23 - 页面强制等待：2000毫秒
2018-09-05 11:20:35  INFO LoggerUtil:23 - 获取网页元素：/html/body/div[2]/div[5]/div[1]/div/div[2]/ul[2]/li[6]/a[2]
2018-09-05 11:20:36  INFO LoggerUtil:23 - 点击页面元素：[[ChromeDriver: chrome on XP (3f10e73a66d2f8575a7b5be3bae23ad8)] -> xpath: /html/body/div[2]/div[5]/div[1]/div/div[2]/ul[2]/li[6]/a[2]]
2018-09-05 11:20:36  INFO LoggerUtil:23 - 页面强制等待：2000毫秒
2018-09-05 11:20:38  INFO LoggerUtil:23 - 页面强制等待：2000毫秒
2018-09-05 11:20:40  INFO LoggerUtil:23 - 进入订单详情页面
]]></system-out>
  </testcase>
  <testcase name="tuangou_xiadan" classname="test.TGTest" time="9.198">
    <failure message="no such frame&#10;  (Session info: chrome=68.0.3440.106)&#10;  (Driver info: chromedriver=2.38.552522 (437e6fbedfa8762dec75e2c5b3ddb86763dc9dcb),platform=Windows NT 10.0.17134 x86_64) (WARNING: The server did not provide any stacktrace information)&#10;Command duration or timeout: 10 milliseconds&#10;Build info: version: &apos;2.53.0&apos;, revision: &apos;35ae25b1534ae328c771e0856c93e187490ca824&apos;, time: &apos;2016-03-15 10:43:46&apos;&#10;System info: host: &apos;DESKTOP5C&apos;, ip: &apos;172.16.0.16&apos;, os.name: &apos;Windows 10&apos;, os.arch: &apos;amd64&apos;, os.version: &apos;10.0&apos;, java.version: &apos;1.8.0_112&apos;&#10;Driver info: org.openqa.selenium.chrome.ChromeDriver&#10;Capabilities [{applicationCacheEnabled=false, rotatable=false, mobileEmulationEnabled=false, networkConnectionEnabled=false, chrome={chromedriverVersion=2.38.552522 (437e6fbedfa8762dec75e2c5b3ddb86763dc9dcb), userDataDir=C:\Users\admin\AppData\Local\Temp\scoped_dir9516_29771}, takesHeapSnapshot=true, pageLoadStrategy=normal, databaseEnabled=false, handlesAlerts=true, hasTouchScreen=false, version=68.0.3440.106, platform=XP, browserConnectionEnabled=false, nativeEvents=true, acceptSslCerts=false, acceptInsecureCerts=false, locationContextEnabled=true, webStorageEnabled=true, browserName=chrome, takesScreenshot=true, javascriptEnabled=true, cssSelectorsEnabled=true, setWindowRect=true, unexpectedAlertBehaviour=}]&#10;Session ID: 3f10e73a66d2f8575a7b5be3bae23ad8" type="org.openqa.selenium.NoSuchFrameException">org.openqa.selenium.NoSuchFrameException: no such frame
  (Session info: chrome=68.0.3440.106)
  (Driver info: chromedriver=2.38.552522 (437e6fbedfa8762dec75e2c5b3ddb86763dc9dcb),platform=Windows NT 10.0.17134 x86_64) (WARNING: The server did not provide any stacktrace information)
Command duration or timeout: 10 milliseconds
Build info: version: '2.53.0', revision: '35ae25b1534ae328c771e0856c93e187490ca824', time: '2016-03-15 10:43:46'
System info: host: 'DESKTOP5C', ip: '172.16.0.16', os.name: 'Windows 10', os.arch: 'amd64', os.version: '10.0', java.version: '1.8.0_112'
Driver info: org.openqa.selenium.chrome.ChromeDriver
Capabilities [{applicationCacheEnabled=false, rotatable=false, mobileEmulationEnabled=false, networkConnectionEnabled=false, chrome={chromedriverVersion=2.38.552522 (437e6fbedfa8762dec75e2c5b3ddb86763dc9dcb), userDataDir=C:\Users\admin\AppData\Local\Temp\scoped_dir9516_29771}, takesHeapSnapshot=true, pageLoadStrategy=normal, databaseEnabled=false, handlesAlerts=true, hasTouchScreen=false, version=68.0.3440.106, platform=XP, browserConnectionEnabled=false, nativeEvents=true, acceptSslCerts=false, acceptInsecureCerts=false, locationContextEnabled=true, webStorageEnabled=true, browserName=chrome, takesScreenshot=true, javascriptEnabled=true, cssSelectorsEnabled=true, setWindowRect=true, unexpectedAlertBehaviour=}]
Session ID: 3f10e73a66d2f8575a7b5be3bae23ad8
	at sun.reflect.NativeConstructorAccessorImpl.newInstance0(Native Method)
	at sun.reflect.NativeConstructorAccessorImpl.newInstance(NativeConstructorAccessorImpl.java:62)
	at sun.reflect.DelegatingConstructorAccessorImpl.newInstance(DelegatingConstructorAccessorImpl.java:45)
	at java.lang.reflect.Constructor.newInstance(Constructor.java:423)
	at org.openqa.selenium.remote.ErrorHandler.createThrowable(ErrorHandler.java:206)
	at org.openqa.selenium.remote.ErrorHandler.throwIfResponseFailed(ErrorHandler.java:158)
	at org.openqa.selenium.remote.RemoteWebDriver.execute(RemoteWebDriver.java:678)
	at org.openqa.selenium.remote.RemoteWebDriver$RemoteTargetLocator.frame(RemoteWebDriver.java:984)
	at pages.tuangou.TGHomePage.dd_again(TGHomePage.java:106)
	at test.TGTest.tuangou_xiadan(TGTest.java:40)
</failure>
    <system-out><![CDATA[-------------------------failcount=3
2018-09-05 11:20:40  INFO LoggerUtil:23 - 本地失败截图tuangou_xiadan_0905112040.png已保存
开始上传文件
读取本地文件
connecting...ftp服务器:172.16.0.16:21
connect successfu...ftp服务器:172.16.0.16:21
上传文件成功
图片上传至服务器。。。
删除最老一天的目录文件夹成功！
2018-09-05 11:20:40  INFO LoggerUtil:23 - -------ui test begin-------
2018-09-05 11:20:40  INFO LoggerUtil:23 - 团购下单脚本开始
2018-09-05 11:20:40  INFO LoggerUtil:23 - 获取网页元素：/html/body/div[1]/div[1]/div/div[2]/div[2]/div[2]/div[1]/span[2]
2018-09-05 11:20:41  INFO LoggerUtil:23 - 点击页面元素：[[ChromeDriver: chrome on XP (3f10e73a66d2f8575a7b5be3bae23ad8)] -> xpath: /html/body/div[1]/div[1]/div/div[2]/div[2]/div[2]/div[1]/span[2]]
2018-09-05 11:20:41  INFO LoggerUtil:23 - 确认脚本运行当前路径与期盼路径一致性
2018-09-05 11:20:41  INFO LoggerUtil:23 - 浏览器当前页面url是：http://192.168.10.202/personalCenter.html
2018-09-05 11:20:41  INFO LoggerUtil:23 - 断言验证：验证页面元素实际值：http://192.168.10.202/personalCenter.html与期望值：http://192.168.10.202/personalCenter.html相同
2018-09-05 11:20:41  INFO LoggerUtil:23 - 进入我的中心页面
2018-09-05 11:20:41  INFO LoggerUtil:23 - 获取网页元素：/html/body/div[2]/div/div[1]/ul/li[1]/ul/li[1]/a
2018-09-05 11:20:41  INFO LoggerUtil:23 - 点击页面元素：[[ChromeDriver: chrome on XP (3f10e73a66d2f8575a7b5be3bae23ad8)] -> xpath: /html/body/div[2]/div/div[1]/ul/li[1]/ul/li[1]/a]
2018-09-05 11:20:41  INFO LoggerUtil:23 - 确认脚本运行当前路径与期盼路径一致性
2018-09-05 11:20:41  INFO LoggerUtil:23 - 浏览器当前页面url是：http://192.168.10.202/personalCenter.html#!paperboardOrder
2018-09-05 11:20:41  INFO LoggerUtil:23 - 断言验证：验证页面元素实际值：http://192.168.10.202/personalCenter.html#!paperboardOrder与期望值：http://192.168.10.202/personalCenter.html#!paperboardOrder相同
2018-09-05 11:20:41  INFO LoggerUtil:23 - 进入纸板团购订单页面
2018-09-05 11:20:41  INFO LoggerUtil:23 - 页面强制等待：2000毫秒
2018-09-05 11:20:43  INFO LoggerUtil:23 - 进入纸板团购全部订单页面
2018-09-05 11:20:43  INFO LoggerUtil:23 - 页面强制等待：2000毫秒
2018-09-05 11:20:45  INFO LoggerUtil:23 - 获取网页元素：/html/body/div[2]/div[5]/div[1]/div/div[2]/ul[2]/li[6]/a[2]
2018-09-05 11:20:45  INFO LoggerUtil:23 - 点击页面元素：[[ChromeDriver: chrome on XP (3f10e73a66d2f8575a7b5be3bae23ad8)] -> xpath: /html/body/div[2]/div[5]/div[1]/div/div[2]/ul[2]/li[6]/a[2]]
2018-09-05 11:20:45  INFO LoggerUtil:23 - 页面强制等待：2000毫秒
2018-09-05 11:20:47  INFO LoggerUtil:23 - 页面强制等待：2000毫秒
2018-09-05 11:20:49  INFO LoggerUtil:23 - 进入订单详情页面
]]></system-out>
  </testcase>
</testsuite>