<?xml version="1.0" encoding="UTF-8"?>
<testng-results skipped="0" failed="5" total="7" passed="2">
  <reporter-output>
    <line>
      <![CDATA[初始化chromedriver成功！]]>
    </line>
    <line>
      <![CDATA[打开网页：http://192.168.23.161/]]>
    </line>
    <line>
      <![CDATA[将网页最大化]]>
    </line>
    <line>
      <![CDATA[页面强制等待：2000毫秒]]>
    </line>
    <line>
      <![CDATA[x获取网页元素成功，元素定位：/html/body/div[10]/div[2]/div[3]/ul/li[1]]]>
    </line>
    <line>
      <![CDATA[[[ChromeDriver: chrome on XP (b42eabfcea522209956eafc73745ce7b)] -> xpath: /html/body/div[10]/div[2]/div[3]/ul/li[1]]元素被点击]]>
    </line>
    <line>
      <![CDATA[页面强制等待：2000毫秒]]>
    </line>
    <line>
      <![CDATA[x获取网页元素成功，元素定位：//*[@id="username"]]]>
    </line>
    <line>
      <![CDATA[[[ChromeDriver: chrome on XP (b42eabfcea522209956eafc73745ce7b)] -> xpath: //*[@id="username"]]元素被赋值：1000000]]>
    </line>
    <line>
      <![CDATA[x获取网页元素成功，元素定位：//*[@id="password"]]]>
    </line>
    <line>
      <![CDATA[[[ChromeDriver: chrome on XP (b42eabfcea522209956eafc73745ce7b)] -> xpath: //*[@id="password"]]元素被赋值：dj123456]]>
    </line>
    <line>
      <![CDATA[x获取网页元素成功，元素定位：//*[@id="login-zhanghao"]/div[7]/button]]>
    </line>
    <line>
      <![CDATA[[[ChromeDriver: chrome on XP (b42eabfcea522209956eafc73745ce7b)] -> xpath: //*[@id="login-zhanghao"]/div[7]/button]元素被点击]]>
    </line>
    <line>
      <![CDATA[页面强制等待：5000毫秒]]>
    </line>
    <line>
      <![CDATA[当前页面url是：http://192.168.23.163/?oncetoken=d3dd4308-6b20-43f9-aad8-091438a21a77#/]]>
    </line>
    <line>
      <![CDATA[断言验证：验证http://192.168.23.163/?与http://192.168.23.163/?相同]]>
    </line>
    <line>
      <![CDATA[登录crm系统成功]]>
    </line>
    <line>
      <![CDATA[添加首页轮播图脚本开始]]>
    </line>
    <line>
      <![CDATA[页面强制等待：8000毫秒]]>
    </line>
    <line>
      <![CDATA[x获取网页元素成功，元素定位：//*[@id="header"]/ul/li[6]]]>
    </line>
    <line>
      <![CDATA[[[ChromeDriver: chrome on XP (b42eabfcea522209956eafc73745ce7b)] -> xpath: //*[@id="header"]/ul/li[6]]元素被点击]]>
    </line>
    <line>
      <![CDATA[x获取网页元素成功，元素定位：//*[@id="header"]/ul/li[6]]]>
    </line>
    <line>
      <![CDATA[[[ChromeDriver: chrome on XP (b42eabfcea522209956eafc73745ce7b)] -> xpath: //*[@id="header"]/ul/li[6]]元素被点击]]>
    </line>
    <line>
      <![CDATA[点击运营管理]]>
    </line>
    <line>
      <![CDATA[页面强制等待：2000毫秒]]>
    </line>
    <line>
      <![CDATA[进入运营管理菜单]]>
    </line>
    <line>
      <![CDATA[x获取网页元素成功，元素定位：//*[@id="menu"]/div/ul/li[6]/ul/li[1]]]>
    </line>
    <line>
      <![CDATA[x获取网页元素成功，元素定位：//*[@id="menu"]/div/ul/li[6]/div]]>
    </line>
    <line>
      <![CDATA[[[ChromeDriver: chrome on XP (b42eabfcea522209956eafc73745ce7b)] -> xpath: //*[@id="menu"]/div/ul/li[6]/div]元素被点击]]>
    </line>
    <line>
      <![CDATA[进入广告管理菜单]]>
    </line>
    <line>
      <![CDATA[页面强制等待：2000毫秒]]>
    </line>
    <line>
      <![CDATA[x获取网页元素成功，元素定位：//*[@id="menu"]/div/ul/li[6]/ul/li[1]]]>
    </line>
    <line>
      <![CDATA[[[ChromeDriver: chrome on XP (b42eabfcea522209956eafc73745ce7b)] -> xpath: //*[@id="menu"]/div/ul/li[6]/ul/li[1]]元素被点击]]>
    </line>
    <line>
      <![CDATA[页面强制等待：2000毫秒]]>
    </line>
    <line>
      <![CDATA[x获取网页元素成功，元素定位：//*[@id="tHeader"]]]>
    </line>
    <line>
      <![CDATA[断言验证：验证首页轮播图管理与首页轮播图管理相同]]>
    </line>
    <line>
      <![CDATA[进入首页轮播图管理页面]]>
    </line>
    <line>
      <![CDATA[轮播图位置已满，测试结束]]>
    </line>
    <line>
      <![CDATA[断言验证：验证5与5不相同]]>
    </line>
    <line>
      <![CDATA[失败截图addSYLB_0820143448.png已保存]]>
    </line>
    <line>
      <![CDATA[错误截图链接<p><a href="../screens/2018-08-20/addSYLB_0820143448.png"  target="_blank">点击查看高清大图</a><p>]]>
    </line>
    <line>
      <![CDATA[<p>错误截图预览:<img id="img" src="../screens/2018-08-20/addSYLB_0820143448.png" alt="error shot" width="600" height="300"></p>]]>
    </line>
    <line>
      <![CDATA[添加纸板团购轮播图脚本开始]]>
    </line>
    <line>
      <![CDATA[页面强制等待：8000毫秒]]>
    </line>
    <line>
      <![CDATA[x获取网页元素成功，元素定位：//*[@id="header"]/ul/li[6]]]>
    </line>
    <line>
      <![CDATA[[[ChromeDriver: chrome on XP (b42eabfcea522209956eafc73745ce7b)] -> xpath: //*[@id="header"]/ul/li[6]]元素被点击]]>
    </line>
    <line>
      <![CDATA[x获取网页元素成功，元素定位：//*[@id="header"]/ul/li[6]]]>
    </line>
    <line>
      <![CDATA[[[ChromeDriver: chrome on XP (b42eabfcea522209956eafc73745ce7b)] -> xpath: //*[@id="header"]/ul/li[6]]元素被点击]]>
    </line>
    <line>
      <![CDATA[点击运营管理]]>
    </line>
    <line>
      <![CDATA[页面强制等待：2000毫秒]]>
    </line>
    <line>
      <![CDATA[x获取网页元素成功，元素定位：//*[@id="menu"]/div/ul/li[6]/ul/li[1]]]>
    </line>
    <line>
      <![CDATA[进入广告管理菜单]]>
    </line>
    <line>
      <![CDATA[页面强制等待：2000毫秒]]>
    </line>
    <line>
      <![CDATA[x获取网页元素成功，元素定位：//*[@id="menu"]/div/ul/li[6]/ul/li[2]]]>
    </line>
    <line>
      <![CDATA[[[ChromeDriver: chrome on XP (b42eabfcea522209956eafc73745ce7b)] -> xpath: //*[@id="menu"]/div/ul/li[6]/ul/li[2]]元素被点击]]>
    </line>
    <line>
      <![CDATA[页面强制等待：2000毫秒]]>
    </line>
    <line>
      <![CDATA[x获取网页元素成功，元素定位：//*[@id="tHeader"]]]>
    </line>
    <line>
      <![CDATA[断言验证：验证纸板团购轮播图管理与纸板团购轮播图管理相同]]>
    </line>
    <line>
      <![CDATA[进入纸板团购轮播图管理页面]]>
    </line>
    <line>
      <![CDATA[轮播图位置已满，测试结束]]>
    </line>
    <line>
      <![CDATA[断言验证：验证5与5不相同]]>
    </line>
    <line>
      <![CDATA[失败截图addZBTG_0820143505.png已保存]]>
    </line>
    <line>
      <![CDATA[错误截图链接<p><a href="../screens/2018-08-20/addZBTG_0820143505.png"  target="_blank">点击查看高清大图</a><p>]]>
    </line>
    <line>
      <![CDATA[<p>错误截图预览:<img id="img" src="../screens/2018-08-20/addZBTG_0820143505.png" alt="error shot" width="600" height="300"></p>]]>
    </line>
    <line>
      <![CDATA[添加积分商城轮播图脚本开始]]>
    </line>
    <line>
      <![CDATA[页面强制等待：8000毫秒]]>
    </line>
    <line>
      <![CDATA[x获取网页元素成功，元素定位：//*[@id="header"]/ul/li[6]]]>
    </line>
    <line>
      <![CDATA[[[ChromeDriver: chrome on XP (b42eabfcea522209956eafc73745ce7b)] -> xpath: //*[@id="header"]/ul/li[6]]元素被点击]]>
    </line>
    <line>
      <![CDATA[x获取网页元素成功，元素定位：//*[@id="header"]/ul/li[6]]]>
    </line>
    <line>
      <![CDATA[[[ChromeDriver: chrome on XP (b42eabfcea522209956eafc73745ce7b)] -> xpath: //*[@id="header"]/ul/li[6]]元素被点击]]>
    </line>
    <line>
      <![CDATA[点击运营管理]]>
    </line>
    <line>
      <![CDATA[页面强制等待：2000毫秒]]>
    </line>
    <line>
      <![CDATA[x获取网页元素成功，元素定位：//*[@id="menu"]/div/ul/li[6]/ul/li[1]]]>
    </line>
    <line>
      <![CDATA[进入广告管理菜单]]>
    </line>
    <line>
      <![CDATA[页面强制等待：2000毫秒]]>
    </line>
    <line>
      <![CDATA[x获取网页元素成功，元素定位：//*[@id="menu"]/div/ul/li[6]/ul/li[3]]]>
    </line>
    <line>
      <![CDATA[[[ChromeDriver: chrome on XP (b42eabfcea522209956eafc73745ce7b)] -> xpath: //*[@id="menu"]/div/ul/li[6]/ul/li[3]]元素被点击]]>
    </line>
    <line>
      <![CDATA[页面强制等待：2000毫秒]]>
    </line>
    <line>
      <![CDATA[x获取网页元素成功，元素定位：//*[@id="tHeader"]]]>
    </line>
    <line>
      <![CDATA[断言验证：验证积分商城轮播图管理与积分商城轮播图管理相同]]>
    </line>
    <line>
      <![CDATA[积分商城团购轮播图管理页面]]>
    </line>
    <line>
      <![CDATA[轮播图位置已满，测试结束]]>
    </line>
    <line>
      <![CDATA[断言验证：验证5与5不相同]]>
    </line>
    <line>
      <![CDATA[失败截图addJFSC_0820143521.png已保存]]>
    </line>
    <line>
      <![CDATA[错误截图链接<p><a href="../screens/2018-08-20/addJFSC_0820143521.png"  target="_blank">点击查看高清大图</a><p>]]>
    </line>
    <line>
      <![CDATA[<p>错误截图预览:<img id="img" src="../screens/2018-08-20/addJFSC_0820143521.png" alt="error shot" width="600" height="300"></p>]]>
    </line>
    <line>
      <![CDATA[编辑纸板团购入口轮播图脚本开始]]>
    </line>
    <line>
      <![CDATA[页面强制等待：8000毫秒]]>
    </line>
    <line>
      <![CDATA[x获取网页元素成功，元素定位：//*[@id="header"]/ul/li[6]]]>
    </line>
    <line>
      <![CDATA[[[ChromeDriver: chrome on XP (b42eabfcea522209956eafc73745ce7b)] -> xpath: //*[@id="header"]/ul/li[6]]元素被点击]]>
    </line>
    <line>
      <![CDATA[x获取网页元素成功，元素定位：//*[@id="header"]/ul/li[6]]]>
    </line>
    <line>
      <![CDATA[[[ChromeDriver: chrome on XP (b42eabfcea522209956eafc73745ce7b)] -> xpath: //*[@id="header"]/ul/li[6]]元素被点击]]>
    </line>
    <line>
      <![CDATA[点击运营管理]]>
    </line>
    <line>
      <![CDATA[页面强制等待：2000毫秒]]>
    </line>
    <line>
      <![CDATA[x获取网页元素成功，元素定位：//*[@id="menu"]/div/ul/li[6]/ul/li[1]]]>
    </line>
    <line>
      <![CDATA[进入广告管理菜单]]>
    </line>
    <line>
      <![CDATA[页面强制等待：2000毫秒]]>
    </line>
    <line>
      <![CDATA[x获取网页元素成功，元素定位：//*[@id="menu"]/div/ul/li[1]]]>
    </line>
    <line>
      <![CDATA[x获取网页元素成功，元素定位：//*[@id="menu"]/div/ul/li[8]/div/span]]>
    </line>
    <line>
      <![CDATA[页面从[[ChromeDriver: chrome on XP (b42eabfcea522209956eafc73745ce7b)] -> xpath: //*[@id="menu"]/div/ul/li[1]]移动到[[ChromeDriver: chrome on XP (b42eabfcea522209956eafc73745ce7b)] -> xpath: //*[@id="menu"]/div/ul/li[8]/div/span]]]>
    </line>
    <line>
      <![CDATA[x获取网页元素成功，元素定位：//*[@id="menu"]/div/ul/li[6]/ul/li[4]]]>
    </line>
    <line>
      <![CDATA[[[ChromeDriver: chrome on XP (b42eabfcea522209956eafc73745ce7b)] -> xpath: //*[@id="menu"]/div/ul/li[6]/ul/li[4]]元素被点击]]>
    </line>
    <line>
      <![CDATA[页面强制等待：2000毫秒]]>
    </line>
    <line>
      <![CDATA[x获取网页元素成功，元素定位：//*[@id="home"]/div[2]/div/div/div[2]/div[2]/div[1]/div/div[3]/table/tbody/tr[2]/td[5]/div/button]]>
    </line>
    <line>
      <![CDATA[x获取网页元素失败，元素定位：//*[@id="home"]/div[2]/div/div/div[2]/div[2]/div[1]/div/div[3]/table/tbody/tr[2]/td[5]/div/button]]>
    </line>
    <line>
      <![CDATA[断言验证：验证false与true相同]]>
    </line>
    <line>
      <![CDATA[失败截图addZBRK_0820143538.png已保存]]>
    </line>
    <line>
      <![CDATA[错误截图链接<p><a href="../screens/2018-08-20/addZBRK_0820143538.png"  target="_blank">点击查看高清大图</a><p>]]>
    </line>
    <line>
      <![CDATA[<p>错误截图预览:<img id="img" src="../screens/2018-08-20/addZBRK_0820143538.png" alt="error shot" width="600" height="300"></p>]]>
    </line>
    <line>
      <![CDATA[页面强制等待：8000毫秒]]>
    </line>
    <line>
      <![CDATA[x获取网页元素成功，元素定位：//*[@id="header"]/ul/li[6]]]>
    </line>
    <line>
      <![CDATA[[[ChromeDriver: chrome on XP (b42eabfcea522209956eafc73745ce7b)] -> xpath: //*[@id="header"]/ul/li[6]]元素被点击]]>
    </line>
    <line>
      <![CDATA[x获取网页元素成功，元素定位：//*[@id="header"]/ul/li[6]]]>
    </line>
    <line>
      <![CDATA[[[ChromeDriver: chrome on XP (b42eabfcea522209956eafc73745ce7b)] -> xpath: //*[@id="header"]/ul/li[6]]元素被点击]]>
    </line>
    <line>
      <![CDATA[点击运营管理]]>
    </line>
    <line>
      <![CDATA[页面强制等待：2000毫秒]]>
    </line>
    <line>
      <![CDATA[x获取网页元素成功，元素定位：//*[@id="menu"]/div/ul/li[6]/ul/li[1]]]>
    </line>
    <line>
      <![CDATA[进入广告管理菜单]]>
    </line>
    <line>
      <![CDATA[页面强制等待：2000毫秒]]>
    </line>
    <line>
      <![CDATA[x获取网页元素成功，元素定位：//*[@id="menu"]/div/ul/li[1]]]>
    </line>
    <line>
      <![CDATA[x获取网页元素成功，元素定位：//*[@id="menu"]/div/ul/li[8]/div/span]]>
    </line>
    <line>
      <![CDATA[页面从[[ChromeDriver: chrome on XP (b42eabfcea522209956eafc73745ce7b)] -> xpath: //*[@id="menu"]/div/ul/li[1]]移动到[[ChromeDriver: chrome on XP (b42eabfcea522209956eafc73745ce7b)] -> xpath: //*[@id="menu"]/div/ul/li[8]/div/span]]]>
    </line>
    <line>
      <![CDATA[x获取网页元素成功，元素定位：//*[@id="menu"]/div/ul/li[6]/ul/li[4]]]>
    </line>
    <line>
      <![CDATA[[[ChromeDriver: chrome on XP (b42eabfcea522209956eafc73745ce7b)] -> xpath: //*[@id="menu"]/div/ul/li[6]/ul/li[4]]元素被点击]]>
    </line>
    <line>
      <![CDATA[页面强制等待：2000毫秒]]>
    </line>
    <line>
      <![CDATA[x获取网页元素成功，元素定位：//*[@id="home"]/div[2]/div/div/div[2]/div[2]/div[1]/div/div[3]/table/tbody/tr[2]/td[5]/div/button]]>
    </line>
    <line>
      <![CDATA[[[ChromeDriver: chrome on XP (b42eabfcea522209956eafc73745ce7b)] -> xpath: //*[@id="home"]/div[2]/div/div/div[2]/div[2]/div[1]/div/div[3]/table/tbody/tr[2]/td[5]/div/button]元素被点击]]>
    </line>
    <line>
      <![CDATA[点击第二行编辑按钮]]>
    </line>
    <line>
      <![CDATA[x获取网页元素成功，元素定位：//*[@id="home"]/div[2]/div/div/div[2]/div[2]/div[2]/div[1]/div/div[1]/span]]>
    </line>
    <line>
      <![CDATA[断言验证：验证编辑图片与编辑图片相同]]>
    </line>
    <line>
      <![CDATA[打开编辑窗口，测试标题与需求一致]]>
    </line>
    <line>
      <![CDATA[x获取网页元素成功，元素定位：//*[@id="home"]/div[2]/div/div/div[2]/div[2]/div[2]/div[1]/div/div[2]/div[1]/div/div/input]]>
    </line>
    <line>
      <![CDATA[图片添加成功]]>
    </line>
    <line>
      <![CDATA[x获取网页元素成功，元素定位：//*[@id="home"]/div[2]/div/div/div[2]/div[2]/div[2]/div[1]/div/div[2]/div[5]/button[2]]]>
    </line>
    <line>
      <![CDATA[[[ChromeDriver: chrome on XP (b42eabfcea522209956eafc73745ce7b)] -> xpath: //*[@id="home"]/div[2]/div/div/div[2]/div[2]/div[2]/div[1]/div/div[2]/div[5]/button[2]]元素被点击]]>
    </line>
    <line>
      <![CDATA[图片编辑成功]]>
    </line>
    <line>
      <![CDATA[页面强制等待：8000毫秒]]>
    </line>
    <line>
      <![CDATA[x获取网页元素成功，元素定位：//*[@id="header"]/ul/li[6]]]>
    </line>
    <line>
      <![CDATA[[[ChromeDriver: chrome on XP (b42eabfcea522209956eafc73745ce7b)] -> xpath: //*[@id="header"]/ul/li[6]]元素被点击]]>
    </line>
    <line>
      <![CDATA[x获取网页元素成功，元素定位：//*[@id="header"]/ul/li[6]]]>
    </line>
    <line>
      <![CDATA[[[ChromeDriver: chrome on XP (b42eabfcea522209956eafc73745ce7b)] -> xpath: //*[@id="header"]/ul/li[6]]元素被点击]]>
    </line>
    <line>
      <![CDATA[点击运营管理]]>
    </line>
    <line>
      <![CDATA[页面强制等待：2000毫秒]]>
    </line>
    <line>
      <![CDATA[x获取网页元素成功，元素定位：//*[@id="menu"]/div/ul/li[6]/ul/li[1]]]>
    </line>
    <line>
      <![CDATA[进入广告管理菜单]]>
    </line>
    <line>
      <![CDATA[开始编辑app启动页]]>
    </line>
    <line>
      <![CDATA[页面强制等待：2000毫秒]]>
    </line>
    <line>
      <![CDATA[x获取网页元素成功，元素定位：//*[@id="menu"]/div/ul/li[1]]]>
    </line>
    <line>
      <![CDATA[x获取网页元素成功，元素定位：//*[@id="menu"]/div/ul/li[8]/div/span]]>
    </line>
    <line>
      <![CDATA[页面从[[ChromeDriver: chrome on XP (b42eabfcea522209956eafc73745ce7b)] -> xpath: //*[@id="menu"]/div/ul/li[1]]移动到[[ChromeDriver: chrome on XP (b42eabfcea522209956eafc73745ce7b)] -> xpath: //*[@id="menu"]/div/ul/li[8]/div/span]]]>
    </line>
    <line>
      <![CDATA[x获取网页元素成功，元素定位：//*[@id="menu"]/div/ul/li[6]/ul/li[6]]]>
    </line>
    <line>
      <![CDATA[[[ChromeDriver: chrome on XP (b42eabfcea522209956eafc73745ce7b)] -> xpath: //*[@id="menu"]/div/ul/li[6]/ul/li[6]]元素被点击]]>
    </line>
    <line>
      <![CDATA[页面强制等待：2000毫秒]]>
    </line>
    <line>
      <![CDATA[下移屏幕]]>
    </line>
    <line>
      <![CDATA[x获取网页元素成功，元素定位：//*[@id="home"]/div[2]/div/div/div[2]/div[3]/div[1]/div/div/input]]>
    </line>
    <line>
      <![CDATA[图片添加成功]]>
    </line>
    <line>
      <![CDATA[x获取网页元素成功，元素定位：//*[@id="home"]/div[2]/div/div/div[2]/div[3]/div[3]/button]]>
    </line>
    <line>
      <![CDATA[[[ChromeDriver: chrome on XP (b42eabfcea522209956eafc73745ce7b)] -> xpath: //*[@id="home"]/div[2]/div/div/div[2]/div[3]/div[3]/button]元素被点击]]>
    </line>
    <line>
      <![CDATA[打开网页：http://192.168.10.202/group/grouponHome.html]]>
    </line>
    <line>
      <![CDATA[将网页最大化]]>
    </line>
    <line>
      <![CDATA[页面强制等待：2000毫秒]]>
    </line>
    <line>
      <![CDATA[x获取网页元素成功，元素定位：/html/body/div[1]/div[1]/div/div[2]/div[2]/div[1]]]>
    </line>
    <line>
      <![CDATA[[[ChromeDriver: chrome on XP (b42eabfcea522209956eafc73745ce7b)] -> xpath: /html/body/div[1]/div[1]/div/div[2]/div[2]/div[1]]元素被点击]]>
    </line>
    <line>
      <![CDATA[确认脚本运行当前路径与期盼路径http://192.168.10.202/login.html?redirectURL=http%3A%2F%2F192.168.10.202%2Fgroup%2FgrouponHome.html一致]]>
    </line>
    <line>
      <![CDATA[当前页面url是：http://192.168.10.202/login.html?redirectURL=http%3A%2F%2F192.168.10.202%2Fgroup%2FgrouponHome.html]]>
    </line>
    <line>
      <![CDATA[断言验证：验证http://192.168.10.202/login.html?redirectURL=http%3A%2F%2F192.168.10.202%2Fgroup%2FgrouponHome.html与http://192.168.10.202/login.html?redirectURL=http%3A%2F%2F192.168.10.202%2Fgroup%2FgrouponHome.html相同]]>
    </line>
    <line>
      <![CDATA[x获取网页元素成功，元素定位：//*[@id="username"]]]>
    </line>
    <line>
      <![CDATA[[[ChromeDriver: chrome on XP (b42eabfcea522209956eafc73745ce7b)] -> xpath: //*[@id="username"]]元素被赋值：18868196139]]>
    </line>
    <line>
      <![CDATA[x获取网页元素成功，元素定位：//*[@id="password"]]]>
    </line>
    <line>
      <![CDATA[[[ChromeDriver: chrome on XP (b42eabfcea522209956eafc73745ce7b)] -> xpath: //*[@id="password"]]元素被赋值：dj123456]]>
    </line>
    <line>
      <![CDATA[x获取网页元素成功，元素定位：//*[@id="login-button"]]]>
    </line>
    <line>
      <![CDATA[[[ChromeDriver: chrome on XP (b42eabfcea522209956eafc73745ce7b)] -> xpath: //*[@id="login-button"]]元素被点击]]>
    </line>
    <line>
      <![CDATA[页面强制等待：2000毫秒]]>
    </line>
    <line>
      <![CDATA[x获取网页元素成功，元素定位：/html/body/div[1]/div[1]/div/div[2]/div[2]/div[2]/div[1]/span[1]]]>
    </line>
    <line>
      <![CDATA[断言验证：验证fsss果实企业与fsss果实企业相同]]>
    </line>
    <line>
      <![CDATA[成功登录团购平台，用户名：18868196139]]>
    </line>
    <line>
      <![CDATA[团购下单脚本开始]]>
    </line>
    <line>
      <![CDATA[x获取网页元素成功，元素定位：/html/body/div[1]/div[1]/div/div[2]/div[2]/div[2]/div[1]/span[2]]]>
    </line>
    <line>
      <![CDATA[[[ChromeDriver: chrome on XP (b42eabfcea522209956eafc73745ce7b)] -> xpath: /html/body/div[1]/div[1]/div/div[2]/div[2]/div[2]/div[1]/span[2]]元素被点击]]>
    </line>
    <line>
      <![CDATA[确认脚本运行当前路径与期盼路径http://192.168.10.202/personalCenter.html一致]]>
    </line>
    <line>
      <![CDATA[当前页面url是：http://192.168.10.202/personalCenter.html]]>
    </line>
    <line>
      <![CDATA[断言验证：验证http://192.168.10.202/personalCenter.html与http://192.168.10.202/personalCenter.html相同]]>
    </line>
    <line>
      <![CDATA[进入我的中心页面]]>
    </line>
    <line>
      <![CDATA[x获取网页元素成功，元素定位：/html/body/div[2]/div/div[1]/ul/li[1]/ul/li[1]/a]]>
    </line>
    <line>
      <![CDATA[[[ChromeDriver: chrome on XP (b42eabfcea522209956eafc73745ce7b)] -> xpath: /html/body/div[2]/div/div[1]/ul/li[1]/ul/li[1]/a]元素被点击]]>
    </line>
    <line>
      <![CDATA[确认脚本运行当前路径与期盼路径http://192.168.10.202/personalCenter.html#!paperboardOrder一致]]>
    </line>
    <line>
      <![CDATA[当前页面url是：http://192.168.10.202/personalCenter.html#!paperboardOrder]]>
    </line>
    <line>
      <![CDATA[断言验证：验证http://192.168.10.202/personalCenter.html#!paperboardOrder与http://192.168.10.202/personalCenter.html#!paperboardOrder相同]]>
    </line>
    <line>
      <![CDATA[进入纸板团购订单页面]]>
    </line>
    <line>
      <![CDATA[页面强制等待：2000毫秒]]>
    </line>
    <line>
      <![CDATA[进入纸板团购全部订单页面]]>
    </line>
    <line>
      <![CDATA[页面强制等待：2000毫秒]]>
    </line>
    <line>
      <![CDATA[x获取网页元素成功，元素定位：/html/body/div[2]/div[5]/div[1]/div/div[2]/ul[2]/li[6]/a[2]]]>
    </line>
    <line>
      <![CDATA[[[ChromeDriver: chrome on XP (b42eabfcea522209956eafc73745ce7b)] -> xpath: /html/body/div[2]/div[5]/div[1]/div/div[2]/ul[2]/li[6]/a[2]]元素被点击]]>
    </line>
    <line>
      <![CDATA[页面强制等待：2000毫秒]]>
    </line>
    <line>
      <![CDATA[页面强制等待：2000毫秒]]>
    </line>
    <line>
      <![CDATA[进入订单详情页面]]>
    </line>
    <line>
      <![CDATA[失败截图tuangou_xiadan_0820143632.png已保存]]>
    </line>
    <line>
      <![CDATA[错误截图链接<p><a href="../screens/2018-08-20/tuangou_xiadan_0820143632.png"  target="_blank">点击查看高清大图</a><p>]]>
    </line>
    <line>
      <![CDATA[<p>错误截图预览:<img id="img" src="../screens/2018-08-20/tuangou_xiadan_0820143632.png" alt="error shot" width="600" height="300"></p>]]>
    </line>
    <line>
      <![CDATA[退出浏览器，退出驱动]]>
    </line>
    <line>
      <![CDATA[退出浏览器，退出驱动]]>
    </line>
  </reporter-output>
  <suite name="ui自动化测试" duration-ms="151943" started-at="2018-08-20T06:34:01Z" finished-at="2018-08-20T06:36:33Z">
    <groups>
    </groups>
    <test name="增加首页轮播图测试" duration-ms="151943" started-at="2018-08-20T06:34:01Z" finished-at="2018-08-20T06:36:33Z">
      <class name="test.LunBoTest">
        <test-method status="PASS" signature="init()[pri:0, instance:test.LunBoTest@59f99ea]" name="init" is-config="true" duration-ms="30907" started-at="2018-08-20T14:34:01Z" finished-at="2018-08-20T14:34:32Z">
          <reporter-output>
            <line>
              <![CDATA[初始化chromedriver成功！]]>
            </line>
            <line>
              <![CDATA[打开网页：http://192.168.23.161/]]>
            </line>
            <line>
              <![CDATA[将网页最大化]]>
            </line>
            <line>
              <![CDATA[页面强制等待：2000毫秒]]>
            </line>
            <line>
              <![CDATA[x获取网页元素成功，元素定位：/html/body/div[10]/div[2]/div[3]/ul/li[1]]]>
            </line>
            <line>
              <![CDATA[[[ChromeDriver: chrome on XP (b42eabfcea522209956eafc73745ce7b)] -> xpath: /html/body/div[10]/div[2]/div[3]/ul/li[1]]元素被点击]]>
            </line>
            <line>
              <![CDATA[页面强制等待：2000毫秒]]>
            </line>
            <line>
              <![CDATA[x获取网页元素成功，元素定位：//*[@id="username"]]]>
            </line>
            <line>
              <![CDATA[[[ChromeDriver: chrome on XP (b42eabfcea522209956eafc73745ce7b)] -> xpath: //*[@id="username"]]元素被赋值：1000000]]>
            </line>
            <line>
              <![CDATA[x获取网页元素成功，元素定位：//*[@id="password"]]]>
            </line>
            <line>
              <![CDATA[[[ChromeDriver: chrome on XP (b42eabfcea522209956eafc73745ce7b)] -> xpath: //*[@id="password"]]元素被赋值：dj123456]]>
            </line>
            <line>
              <![CDATA[x获取网页元素成功，元素定位：//*[@id="login-zhanghao"]/div[7]/button]]>
            </line>
            <line>
              <![CDATA[[[ChromeDriver: chrome on XP (b42eabfcea522209956eafc73745ce7b)] -> xpath: //*[@id="login-zhanghao"]/div[7]/button]元素被点击]]>
            </line>
            <line>
              <![CDATA[页面强制等待：5000毫秒]]>
            </line>
            <line>
              <![CDATA[当前页面url是：http://192.168.23.163/?oncetoken=d3dd4308-6b20-43f9-aad8-091438a21a77#/]]>
            </line>
            <line>
              <![CDATA[断言验证：验证http://192.168.23.163/?与http://192.168.23.163/?相同]]>
            </line>
            <line>
              <![CDATA[登录crm系统成功]]>
            </line>
          </reporter-output>
        </test-method> <!-- init -->
        <test-method status="FAIL" signature="addSYLB()[pri:0, instance:test.LunBoTest@59f99ea]" name="addSYLB" duration-ms="16223" started-at="2018-08-20T14:34:32Z" finished-at="2018-08-20T14:34:48Z">
          <exception class="java.lang.AssertionError">
            <message>
              <![CDATA[轮播图位置已满，请先删除广告位！]]>
            </message>
            <full-stacktrace>
              <![CDATA[java.lang.AssertionError: 轮播图位置已满，请先删除广告位！
	at org.testng.Assert.fail(Assert.java:94)
	at org.testng.Assert.assertNotEquals(Assert.java:758)
	at common.AssertUtil.assertNotEquals(AssertUtil.java:30)
	at pages.lunbo.SYLBPage.checkPicNum(SYLBPage.java:94)
	at pages.lunbo.SYLBPage.addSYLB(SYLBPage.java:49)
	at test.LunBoTest.addSYLB(LunBoTest.java:56)
	at sun.reflect.NativeMethodAccessorImpl.invoke0(Native Method)
	at sun.reflect.NativeMethodAccessorImpl.invoke(NativeMethodAccessorImpl.java:62)
	at sun.reflect.DelegatingMethodAccessorImpl.invoke(DelegatingMethodAccessorImpl.java:43)
	at java.lang.reflect.Method.invoke(Method.java:498)
	at org.testng.internal.MethodInvocationHelper.invokeMethod(MethodInvocationHelper.java:80)
	at org.testng.internal.Invoker.invokeMethod(Invoker.java:714)
	at org.testng.internal.Invoker.invokeTestMethod(Invoker.java:901)
	at org.testng.internal.Invoker.invokeTestMethods(Invoker.java:1231)
	at org.testng.internal.TestMethodWorker.invokeTestMethods(TestMethodWorker.java:127)
	at org.testng.internal.TestMethodWorker.run(TestMethodWorker.java:111)
	at org.testng.TestRunner.privateRun(TestRunner.java:767)
	at org.testng.TestRunner.run(TestRunner.java:617)
	at org.testng.SuiteRunner.runTest(SuiteRunner.java:334)
	at org.testng.SuiteRunner.runSequentially(SuiteRunner.java:329)
	at org.testng.SuiteRunner.privateRun(SuiteRunner.java:291)
	at org.testng.SuiteRunner.run(SuiteRunner.java:240)
	at org.testng.SuiteRunnerWorker.runSuite(SuiteRunnerWorker.java:52)
	at org.testng.SuiteRunnerWorker.run(SuiteRunnerWorker.java:86)
	at org.testng.TestNG.runSuitesSequentially(TestNG.java:1198)
	at org.testng.TestNG.runSuitesLocally(TestNG.java:1123)
	at org.testng.TestNG.run(TestNG.java:1031)
	at org.testng.remote.AbstractRemoteTestNG.run(AbstractRemoteTestNG.java:132)
	at org.testng.remote.RemoteTestNG.initAndRun(RemoteTestNG.java:236)
	at org.testng.remote.RemoteTestNG.main(RemoteTestNG.java:81)
]]>
            </full-stacktrace>
          </exception> <!-- java.lang.AssertionError -->
          <reporter-output>
            <line>
              <![CDATA[添加首页轮播图脚本开始]]>
            </line>
            <line>
              <![CDATA[页面强制等待：8000毫秒]]>
            </line>
            <line>
              <![CDATA[x获取网页元素成功，元素定位：//*[@id="header"]/ul/li[6]]]>
            </line>
            <line>
              <![CDATA[[[ChromeDriver: chrome on XP (b42eabfcea522209956eafc73745ce7b)] -> xpath: //*[@id="header"]/ul/li[6]]元素被点击]]>
            </line>
            <line>
              <![CDATA[x获取网页元素成功，元素定位：//*[@id="header"]/ul/li[6]]]>
            </line>
            <line>
              <![CDATA[[[ChromeDriver: chrome on XP (b42eabfcea522209956eafc73745ce7b)] -> xpath: //*[@id="header"]/ul/li[6]]元素被点击]]>
            </line>
            <line>
              <![CDATA[点击运营管理]]>
            </line>
            <line>
              <![CDATA[页面强制等待：2000毫秒]]>
            </line>
            <line>
              <![CDATA[进入运营管理菜单]]>
            </line>
            <line>
              <![CDATA[x获取网页元素成功，元素定位：//*[@id="menu"]/div/ul/li[6]/ul/li[1]]]>
            </line>
            <line>
              <![CDATA[x获取网页元素成功，元素定位：//*[@id="menu"]/div/ul/li[6]/div]]>
            </line>
            <line>
              <![CDATA[[[ChromeDriver: chrome on XP (b42eabfcea522209956eafc73745ce7b)] -> xpath: //*[@id="menu"]/div/ul/li[6]/div]元素被点击]]>
            </line>
            <line>
              <![CDATA[进入广告管理菜单]]>
            </line>
            <line>
              <![CDATA[页面强制等待：2000毫秒]]>
            </line>
            <line>
              <![CDATA[x获取网页元素成功，元素定位：//*[@id="menu"]/div/ul/li[6]/ul/li[1]]]>
            </line>
            <line>
              <![CDATA[[[ChromeDriver: chrome on XP (b42eabfcea522209956eafc73745ce7b)] -> xpath: //*[@id="menu"]/div/ul/li[6]/ul/li[1]]元素被点击]]>
            </line>
            <line>
              <![CDATA[页面强制等待：2000毫秒]]>
            </line>
            <line>
              <![CDATA[x获取网页元素成功，元素定位：//*[@id="tHeader"]]]>
            </line>
            <line>
              <![CDATA[断言验证：验证首页轮播图管理与首页轮播图管理相同]]>
            </line>
            <line>
              <![CDATA[进入首页轮播图管理页面]]>
            </line>
            <line>
              <![CDATA[轮播图位置已满，测试结束]]>
            </line>
            <line>
              <![CDATA[断言验证：验证5与5不相同]]>
            </line>
            <line>
              <![CDATA[失败截图addSYLB_0820143448.png已保存]]>
            </line>
            <line>
              <![CDATA[错误截图链接<p><a href="../screens/2018-08-20/addSYLB_0820143448.png"  target="_blank">点击查看高清大图</a><p>]]>
            </line>
            <line>
              <![CDATA[<p>错误截图预览:<img id="img" src="../screens/2018-08-20/addSYLB_0820143448.png" alt="error shot" width="600" height="300"></p>]]>
            </line>
          </reporter-output>
        </test-method> <!-- addSYLB -->
        <test-method status="FAIL" signature="addZBTG()[pri:0, instance:test.LunBoTest@59f99ea]" name="addZBTG" duration-ms="15881" started-at="2018-08-20T14:34:49Z" finished-at="2018-08-20T14:35:05Z">
          <exception class="java.lang.AssertionError">
            <message>
              <![CDATA[轮播图位置已满，请先删除广告位！]]>
            </message>
            <full-stacktrace>
              <![CDATA[java.lang.AssertionError: 轮播图位置已满，请先删除广告位！
	at org.testng.Assert.fail(Assert.java:94)
	at org.testng.Assert.assertNotEquals(Assert.java:758)
	at common.AssertUtil.assertNotEquals(AssertUtil.java:30)
	at pages.lunbo.SYLBPage.checkPicNum(SYLBPage.java:94)
	at pages.lunbo.ZBTGPage.addZBTG(ZBTGPage.java:31)
	at test.LunBoTest.addZBTG(LunBoTest.java:68)
	at sun.reflect.NativeMethodAccessorImpl.invoke0(Native Method)
	at sun.reflect.NativeMethodAccessorImpl.invoke(NativeMethodAccessorImpl.java:62)
	at sun.reflect.DelegatingMethodAccessorImpl.invoke(DelegatingMethodAccessorImpl.java:43)
	at java.lang.reflect.Method.invoke(Method.java:498)
	at org.testng.internal.MethodInvocationHelper.invokeMethod(MethodInvocationHelper.java:80)
	at org.testng.internal.Invoker.invokeMethod(Invoker.java:714)
	at org.testng.internal.Invoker.invokeTestMethod(Invoker.java:901)
	at org.testng.internal.Invoker.invokeTestMethods(Invoker.java:1231)
	at org.testng.internal.TestMethodWorker.invokeTestMethods(TestMethodWorker.java:127)
	at org.testng.internal.TestMethodWorker.run(TestMethodWorker.java:111)
	at org.testng.TestRunner.privateRun(TestRunner.java:767)
	at org.testng.TestRunner.run(TestRunner.java:617)
	at org.testng.SuiteRunner.runTest(SuiteRunner.java:334)
	at org.testng.SuiteRunner.runSequentially(SuiteRunner.java:329)
	at org.testng.SuiteRunner.privateRun(SuiteRunner.java:291)
	at org.testng.SuiteRunner.run(SuiteRunner.java:240)
	at org.testng.SuiteRunnerWorker.runSuite(SuiteRunnerWorker.java:52)
	at org.testng.SuiteRunnerWorker.run(SuiteRunnerWorker.java:86)
	at org.testng.TestNG.runSuitesSequentially(TestNG.java:1198)
	at org.testng.TestNG.runSuitesLocally(TestNG.java:1123)
	at org.testng.TestNG.run(TestNG.java:1031)
	at org.testng.remote.AbstractRemoteTestNG.run(AbstractRemoteTestNG.java:132)
	at org.testng.remote.RemoteTestNG.initAndRun(RemoteTestNG.java:236)
	at org.testng.remote.RemoteTestNG.main(RemoteTestNG.java:81)
]]>
            </full-stacktrace>
          </exception> <!-- java.lang.AssertionError -->
          <reporter-output>
            <line>
              <![CDATA[添加纸板团购轮播图脚本开始]]>
            </line>
            <line>
              <![CDATA[页面强制等待：8000毫秒]]>
            </line>
            <line>
              <![CDATA[x获取网页元素成功，元素定位：//*[@id="header"]/ul/li[6]]]>
            </line>
            <line>
              <![CDATA[[[ChromeDriver: chrome on XP (b42eabfcea522209956eafc73745ce7b)] -> xpath: //*[@id="header"]/ul/li[6]]元素被点击]]>
            </line>
            <line>
              <![CDATA[x获取网页元素成功，元素定位：//*[@id="header"]/ul/li[6]]]>
            </line>
            <line>
              <![CDATA[[[ChromeDriver: chrome on XP (b42eabfcea522209956eafc73745ce7b)] -> xpath: //*[@id="header"]/ul/li[6]]元素被点击]]>
            </line>
            <line>
              <![CDATA[点击运营管理]]>
            </line>
            <line>
              <![CDATA[页面强制等待：2000毫秒]]>
            </line>
            <line>
              <![CDATA[x获取网页元素成功，元素定位：//*[@id="menu"]/div/ul/li[6]/ul/li[1]]]>
            </line>
            <line>
              <![CDATA[进入广告管理菜单]]>
            </line>
            <line>
              <![CDATA[页面强制等待：2000毫秒]]>
            </line>
            <line>
              <![CDATA[x获取网页元素成功，元素定位：//*[@id="menu"]/div/ul/li[6]/ul/li[2]]]>
            </line>
            <line>
              <![CDATA[[[ChromeDriver: chrome on XP (b42eabfcea522209956eafc73745ce7b)] -> xpath: //*[@id="menu"]/div/ul/li[6]/ul/li[2]]元素被点击]]>
            </line>
            <line>
              <![CDATA[页面强制等待：2000毫秒]]>
            </line>
            <line>
              <![CDATA[x获取网页元素成功，元素定位：//*[@id="tHeader"]]]>
            </line>
            <line>
              <![CDATA[断言验证：验证纸板团购轮播图管理与纸板团购轮播图管理相同]]>
            </line>
            <line>
              <![CDATA[进入纸板团购轮播图管理页面]]>
            </line>
            <line>
              <![CDATA[轮播图位置已满，测试结束]]>
            </line>
            <line>
              <![CDATA[断言验证：验证5与5不相同]]>
            </line>
            <line>
              <![CDATA[失败截图addZBTG_0820143505.png已保存]]>
            </line>
            <line>
              <![CDATA[错误截图链接<p><a href="../screens/2018-08-20/addZBTG_0820143505.png"  target="_blank">点击查看高清大图</a><p>]]>
            </line>
            <line>
              <![CDATA[<p>错误截图预览:<img id="img" src="../screens/2018-08-20/addZBTG_0820143505.png" alt="error shot" width="600" height="300"></p>]]>
            </line>
          </reporter-output>
        </test-method> <!-- addZBTG -->
        <test-method status="FAIL" signature="addJFSC()[pri:0, instance:test.LunBoTest@59f99ea]" name="addJFSC" duration-ms="15756" started-at="2018-08-20T14:35:05Z" finished-at="2018-08-20T14:35:21Z">
          <exception class="java.lang.AssertionError">
            <message>
              <![CDATA[轮播图位置已满，请先删除广告位！]]>
            </message>
            <full-stacktrace>
              <![CDATA[java.lang.AssertionError: 轮播图位置已满，请先删除广告位！
	at org.testng.Assert.fail(Assert.java:94)
	at org.testng.Assert.assertNotEquals(Assert.java:758)
	at common.AssertUtil.assertNotEquals(AssertUtil.java:30)
	at pages.lunbo.SYLBPage.checkPicNum(SYLBPage.java:94)
	at pages.lunbo.JFSCPage.addJFSC(JFSCPage.java:27)
	at test.LunBoTest.addJFSC(LunBoTest.java:80)
	at sun.reflect.NativeMethodAccessorImpl.invoke0(Native Method)
	at sun.reflect.NativeMethodAccessorImpl.invoke(NativeMethodAccessorImpl.java:62)
	at sun.reflect.DelegatingMethodAccessorImpl.invoke(DelegatingMethodAccessorImpl.java:43)
	at java.lang.reflect.Method.invoke(Method.java:498)
	at org.testng.internal.MethodInvocationHelper.invokeMethod(MethodInvocationHelper.java:80)
	at org.testng.internal.Invoker.invokeMethod(Invoker.java:714)
	at org.testng.internal.Invoker.invokeTestMethod(Invoker.java:901)
	at org.testng.internal.Invoker.invokeTestMethods(Invoker.java:1231)
	at org.testng.internal.TestMethodWorker.invokeTestMethods(TestMethodWorker.java:127)
	at org.testng.internal.TestMethodWorker.run(TestMethodWorker.java:111)
	at org.testng.TestRunner.privateRun(TestRunner.java:767)
	at org.testng.TestRunner.run(TestRunner.java:617)
	at org.testng.SuiteRunner.runTest(SuiteRunner.java:334)
	at org.testng.SuiteRunner.runSequentially(SuiteRunner.java:329)
	at org.testng.SuiteRunner.privateRun(SuiteRunner.java:291)
	at org.testng.SuiteRunner.run(SuiteRunner.java:240)
	at org.testng.SuiteRunnerWorker.runSuite(SuiteRunnerWorker.java:52)
	at org.testng.SuiteRunnerWorker.run(SuiteRunnerWorker.java:86)
	at org.testng.TestNG.runSuitesSequentially(TestNG.java:1198)
	at org.testng.TestNG.runSuitesLocally(TestNG.java:1123)
	at org.testng.TestNG.run(TestNG.java:1031)
	at org.testng.remote.AbstractRemoteTestNG.run(AbstractRemoteTestNG.java:132)
	at org.testng.remote.RemoteTestNG.initAndRun(RemoteTestNG.java:236)
	at org.testng.remote.RemoteTestNG.main(RemoteTestNG.java:81)
]]>
            </full-stacktrace>
          </exception> <!-- java.lang.AssertionError -->
          <reporter-output>
            <line>
              <![CDATA[添加积分商城轮播图脚本开始]]>
            </line>
            <line>
              <![CDATA[页面强制等待：8000毫秒]]>
            </line>
            <line>
              <![CDATA[x获取网页元素成功，元素定位：//*[@id="header"]/ul/li[6]]]>
            </line>
            <line>
              <![CDATA[[[ChromeDriver: chrome on XP (b42eabfcea522209956eafc73745ce7b)] -> xpath: //*[@id="header"]/ul/li[6]]元素被点击]]>
            </line>
            <line>
              <![CDATA[x获取网页元素成功，元素定位：//*[@id="header"]/ul/li[6]]]>
            </line>
            <line>
              <![CDATA[[[ChromeDriver: chrome on XP (b42eabfcea522209956eafc73745ce7b)] -> xpath: //*[@id="header"]/ul/li[6]]元素被点击]]>
            </line>
            <line>
              <![CDATA[点击运营管理]]>
            </line>
            <line>
              <![CDATA[页面强制等待：2000毫秒]]>
            </line>
            <line>
              <![CDATA[x获取网页元素成功，元素定位：//*[@id="menu"]/div/ul/li[6]/ul/li[1]]]>
            </line>
            <line>
              <![CDATA[进入广告管理菜单]]>
            </line>
            <line>
              <![CDATA[页面强制等待：2000毫秒]]>
            </line>
            <line>
              <![CDATA[x获取网页元素成功，元素定位：//*[@id="menu"]/div/ul/li[6]/ul/li[3]]]>
            </line>
            <line>
              <![CDATA[[[ChromeDriver: chrome on XP (b42eabfcea522209956eafc73745ce7b)] -> xpath: //*[@id="menu"]/div/ul/li[6]/ul/li[3]]元素被点击]]>
            </line>
            <line>
              <![CDATA[页面强制等待：2000毫秒]]>
            </line>
            <line>
              <![CDATA[x获取网页元素成功，元素定位：//*[@id="tHeader"]]]>
            </line>
            <line>
              <![CDATA[断言验证：验证积分商城轮播图管理与积分商城轮播图管理相同]]>
            </line>
            <line>
              <![CDATA[积分商城团购轮播图管理页面]]>
            </line>
            <line>
              <![CDATA[轮播图位置已满，测试结束]]>
            </line>
            <line>
              <![CDATA[断言验证：验证5与5不相同]]>
            </line>
            <line>
              <![CDATA[失败截图addJFSC_0820143521.png已保存]]>
            </line>
            <line>
              <![CDATA[错误截图链接<p><a href="../screens/2018-08-20/addJFSC_0820143521.png"  target="_blank">点击查看高清大图</a><p>]]>
            </line>
            <line>
              <![CDATA[<p>错误截图预览:<img id="img" src="../screens/2018-08-20/addJFSC_0820143521.png" alt="error shot" width="600" height="300"></p>]]>
            </line>
          </reporter-output>
        </test-method> <!-- addJFSC -->
        <test-method status="FAIL" signature="addZBRK()[pri:0, instance:test.LunBoTest@59f99ea]" name="addZBRK" duration-ms="16469" started-at="2018-08-20T14:35:21Z" finished-at="2018-08-20T14:35:38Z">
          <exception class="java.lang.AssertionError">
            <message>
              <![CDATA[元素定位失败！ expected [true] but found [false]]]>
            </message>
            <full-stacktrace>
              <![CDATA[java.lang.AssertionError: 元素定位失败！ expected [true] but found [false]
	at org.testng.Assert.fail(Assert.java:94)
	at org.testng.Assert.failNotEquals(Assert.java:494)
	at org.testng.Assert.assertEquals(Assert.java:123)
	at common.AssertUtil.assertEquals(AssertUtil.java:25)
	at pages.BasePage.getElement(BasePage.java:348)
	at pages.lunbo.JFTGRKPage.getEdit(JFTGRKPage.java:45)
	at pages.lunbo.JFTGRKPage.addJFRK(JFTGRKPage.java:30)
	at test.LunBoTest.addZBRK(LunBoTest.java:92)
	at sun.reflect.NativeMethodAccessorImpl.invoke0(Native Method)
	at sun.reflect.NativeMethodAccessorImpl.invoke(NativeMethodAccessorImpl.java:62)
	at sun.reflect.DelegatingMethodAccessorImpl.invoke(DelegatingMethodAccessorImpl.java:43)
	at java.lang.reflect.Method.invoke(Method.java:498)
	at org.testng.internal.MethodInvocationHelper.invokeMethod(MethodInvocationHelper.java:80)
	at org.testng.internal.Invoker.invokeMethod(Invoker.java:714)
	at org.testng.internal.Invoker.invokeTestMethod(Invoker.java:901)
	at org.testng.internal.Invoker.invokeTestMethods(Invoker.java:1231)
	at org.testng.internal.TestMethodWorker.invokeTestMethods(TestMethodWorker.java:127)
	at org.testng.internal.TestMethodWorker.run(TestMethodWorker.java:111)
	at org.testng.TestRunner.privateRun(TestRunner.java:767)
	at org.testng.TestRunner.run(TestRunner.java:617)
	at org.testng.SuiteRunner.runTest(SuiteRunner.java:334)
	at org.testng.SuiteRunner.runSequentially(SuiteRunner.java:329)
	at org.testng.SuiteRunner.privateRun(SuiteRunner.java:291)
	at org.testng.SuiteRunner.run(SuiteRunner.java:240)
	at org.testng.SuiteRunnerWorker.runSuite(SuiteRunnerWorker.java:52)
	at org.testng.SuiteRunnerWorker.run(SuiteRunnerWorker.java:86)
	at org.testng.TestNG.runSuitesSequentially(TestNG.java:1198)
	at org.testng.TestNG.runSuitesLocally(TestNG.java:1123)
	at org.testng.TestNG.run(TestNG.java:1031)
	at org.testng.remote.AbstractRemoteTestNG.run(AbstractRemoteTestNG.java:132)
	at org.testng.remote.RemoteTestNG.initAndRun(RemoteTestNG.java:236)
	at org.testng.remote.RemoteTestNG.main(RemoteTestNG.java:81)
]]>
            </full-stacktrace>
          </exception> <!-- java.lang.AssertionError -->
          <reporter-output>
            <line>
              <![CDATA[编辑纸板团购入口轮播图脚本开始]]>
            </line>
            <line>
              <![CDATA[页面强制等待：8000毫秒]]>
            </line>
            <line>
              <![CDATA[x获取网页元素成功，元素定位：//*[@id="header"]/ul/li[6]]]>
            </line>
            <line>
              <![CDATA[[[ChromeDriver: chrome on XP (b42eabfcea522209956eafc73745ce7b)] -> xpath: //*[@id="header"]/ul/li[6]]元素被点击]]>
            </line>
            <line>
              <![CDATA[x获取网页元素成功，元素定位：//*[@id="header"]/ul/li[6]]]>
            </line>
            <line>
              <![CDATA[[[ChromeDriver: chrome on XP (b42eabfcea522209956eafc73745ce7b)] -> xpath: //*[@id="header"]/ul/li[6]]元素被点击]]>
            </line>
            <line>
              <![CDATA[点击运营管理]]>
            </line>
            <line>
              <![CDATA[页面强制等待：2000毫秒]]>
            </line>
            <line>
              <![CDATA[x获取网页元素成功，元素定位：//*[@id="menu"]/div/ul/li[6]/ul/li[1]]]>
            </line>
            <line>
              <![CDATA[进入广告管理菜单]]>
            </line>
            <line>
              <![CDATA[页面强制等待：2000毫秒]]>
            </line>
            <line>
              <![CDATA[x获取网页元素成功，元素定位：//*[@id="menu"]/div/ul/li[1]]]>
            </line>
            <line>
              <![CDATA[x获取网页元素成功，元素定位：//*[@id="menu"]/div/ul/li[8]/div/span]]>
            </line>
            <line>
              <![CDATA[页面从[[ChromeDriver: chrome on XP (b42eabfcea522209956eafc73745ce7b)] -> xpath: //*[@id="menu"]/div/ul/li[1]]移动到[[ChromeDriver: chrome on XP (b42eabfcea522209956eafc73745ce7b)] -> xpath: //*[@id="menu"]/div/ul/li[8]/div/span]]]>
            </line>
            <line>
              <![CDATA[x获取网页元素成功，元素定位：//*[@id="menu"]/div/ul/li[6]/ul/li[4]]]>
            </line>
            <line>
              <![CDATA[[[ChromeDriver: chrome on XP (b42eabfcea522209956eafc73745ce7b)] -> xpath: //*[@id="menu"]/div/ul/li[6]/ul/li[4]]元素被点击]]>
            </line>
            <line>
              <![CDATA[页面强制等待：2000毫秒]]>
            </line>
            <line>
              <![CDATA[x获取网页元素成功，元素定位：//*[@id="home"]/div[2]/div/div/div[2]/div[2]/div[1]/div/div[3]/table/tbody/tr[2]/td[5]/div/button]]>
            </line>
            <line>
              <![CDATA[x获取网页元素失败，元素定位：//*[@id="home"]/div[2]/div/div/div[2]/div[2]/div[1]/div/div[3]/table/tbody/tr[2]/td[5]/div/button]]>
            </line>
            <line>
              <![CDATA[断言验证：验证false与true相同]]>
            </line>
            <line>
              <![CDATA[失败截图addZBRK_0820143538.png已保存]]>
            </line>
            <line>
              <![CDATA[错误截图链接<p><a href="../screens/2018-08-20/addZBRK_0820143538.png"  target="_blank">点击查看高清大图</a><p>]]>
            </line>
            <line>
              <![CDATA[<p>错误截图预览:<img id="img" src="../screens/2018-08-20/addZBRK_0820143538.png" alt="error shot" width="600" height="300"></p>]]>
            </line>
          </reporter-output>
        </test-method> <!-- addZBRK -->
        <test-method status="PASS" signature="addJFRK()[pri:0, instance:test.LunBoTest@59f99ea]" name="addJFRK" duration-ms="17999" started-at="2018-08-20T14:35:38Z" finished-at="2018-08-20T14:35:56Z">
          <reporter-output>
            <line>
              <![CDATA[页面强制等待：8000毫秒]]>
            </line>
            <line>
              <![CDATA[x获取网页元素成功，元素定位：//*[@id="header"]/ul/li[6]]]>
            </line>
            <line>
              <![CDATA[[[ChromeDriver: chrome on XP (b42eabfcea522209956eafc73745ce7b)] -> xpath: //*[@id="header"]/ul/li[6]]元素被点击]]>
            </line>
            <line>
              <![CDATA[x获取网页元素成功，元素定位：//*[@id="header"]/ul/li[6]]]>
            </line>
            <line>
              <![CDATA[[[ChromeDriver: chrome on XP (b42eabfcea522209956eafc73745ce7b)] -> xpath: //*[@id="header"]/ul/li[6]]元素被点击]]>
            </line>
            <line>
              <![CDATA[点击运营管理]]>
            </line>
            <line>
              <![CDATA[页面强制等待：2000毫秒]]>
            </line>
            <line>
              <![CDATA[x获取网页元素成功，元素定位：//*[@id="menu"]/div/ul/li[6]/ul/li[1]]]>
            </line>
            <line>
              <![CDATA[进入广告管理菜单]]>
            </line>
            <line>
              <![CDATA[页面强制等待：2000毫秒]]>
            </line>
            <line>
              <![CDATA[x获取网页元素成功，元素定位：//*[@id="menu"]/div/ul/li[1]]]>
            </line>
            <line>
              <![CDATA[x获取网页元素成功，元素定位：//*[@id="menu"]/div/ul/li[8]/div/span]]>
            </line>
            <line>
              <![CDATA[页面从[[ChromeDriver: chrome on XP (b42eabfcea522209956eafc73745ce7b)] -> xpath: //*[@id="menu"]/div/ul/li[1]]移动到[[ChromeDriver: chrome on XP (b42eabfcea522209956eafc73745ce7b)] -> xpath: //*[@id="menu"]/div/ul/li[8]/div/span]]]>
            </line>
            <line>
              <![CDATA[x获取网页元素成功，元素定位：//*[@id="menu"]/div/ul/li[6]/ul/li[4]]]>
            </line>
            <line>
              <![CDATA[[[ChromeDriver: chrome on XP (b42eabfcea522209956eafc73745ce7b)] -> xpath: //*[@id="menu"]/div/ul/li[6]/ul/li[4]]元素被点击]]>
            </line>
            <line>
              <![CDATA[页面强制等待：2000毫秒]]>
            </line>
            <line>
              <![CDATA[x获取网页元素成功，元素定位：//*[@id="home"]/div[2]/div/div/div[2]/div[2]/div[1]/div/div[3]/table/tbody/tr[2]/td[5]/div/button]]>
            </line>
            <line>
              <![CDATA[[[ChromeDriver: chrome on XP (b42eabfcea522209956eafc73745ce7b)] -> xpath: //*[@id="home"]/div[2]/div/div/div[2]/div[2]/div[1]/div/div[3]/table/tbody/tr[2]/td[5]/div/button]元素被点击]]>
            </line>
            <line>
              <![CDATA[点击第二行编辑按钮]]>
            </line>
            <line>
              <![CDATA[x获取网页元素成功，元素定位：//*[@id="home"]/div[2]/div/div/div[2]/div[2]/div[2]/div[1]/div/div[1]/span]]>
            </line>
            <line>
              <![CDATA[断言验证：验证编辑图片与编辑图片相同]]>
            </line>
            <line>
              <![CDATA[打开编辑窗口，测试标题与需求一致]]>
            </line>
            <line>
              <![CDATA[x获取网页元素成功，元素定位：//*[@id="home"]/div[2]/div/div/div[2]/div[2]/div[2]/div[1]/div/div[2]/div[1]/div/div/input]]>
            </line>
            <line>
              <![CDATA[图片添加成功]]>
            </line>
            <line>
              <![CDATA[x获取网页元素成功，元素定位：//*[@id="home"]/div[2]/div/div/div[2]/div[2]/div[2]/div[1]/div/div[2]/div[5]/button[2]]]>
            </line>
            <line>
              <![CDATA[[[ChromeDriver: chrome on XP (b42eabfcea522209956eafc73745ce7b)] -> xpath: //*[@id="home"]/div[2]/div/div/div[2]/div[2]/div[2]/div[1]/div/div[2]/div[5]/button[2]]元素被点击]]>
            </line>
            <line>
              <![CDATA[图片编辑成功]]>
            </line>
          </reporter-output>
        </test-method> <!-- addJFRK -->
        <test-method status="PASS" signature="addApp()[pri:0, instance:test.LunBoTest@59f99ea]" name="addApp" duration-ms="16961" started-at="2018-08-20T14:35:56Z" finished-at="2018-08-20T14:36:13Z">
          <reporter-output>
            <line>
              <![CDATA[页面强制等待：8000毫秒]]>
            </line>
            <line>
              <![CDATA[x获取网页元素成功，元素定位：//*[@id="header"]/ul/li[6]]]>
            </line>
            <line>
              <![CDATA[[[ChromeDriver: chrome on XP (b42eabfcea522209956eafc73745ce7b)] -> xpath: //*[@id="header"]/ul/li[6]]元素被点击]]>
            </line>
            <line>
              <![CDATA[x获取网页元素成功，元素定位：//*[@id="header"]/ul/li[6]]]>
            </line>
            <line>
              <![CDATA[[[ChromeDriver: chrome on XP (b42eabfcea522209956eafc73745ce7b)] -> xpath: //*[@id="header"]/ul/li[6]]元素被点击]]>
            </line>
            <line>
              <![CDATA[点击运营管理]]>
            </line>
            <line>
              <![CDATA[页面强制等待：2000毫秒]]>
            </line>
            <line>
              <![CDATA[x获取网页元素成功，元素定位：//*[@id="menu"]/div/ul/li[6]/ul/li[1]]]>
            </line>
            <line>
              <![CDATA[进入广告管理菜单]]>
            </line>
            <line>
              <![CDATA[开始编辑app启动页]]>
            </line>
            <line>
              <![CDATA[页面强制等待：2000毫秒]]>
            </line>
            <line>
              <![CDATA[x获取网页元素成功，元素定位：//*[@id="menu"]/div/ul/li[1]]]>
            </line>
            <line>
              <![CDATA[x获取网页元素成功，元素定位：//*[@id="menu"]/div/ul/li[8]/div/span]]>
            </line>
            <line>
              <![CDATA[页面从[[ChromeDriver: chrome on XP (b42eabfcea522209956eafc73745ce7b)] -> xpath: //*[@id="menu"]/div/ul/li[1]]移动到[[ChromeDriver: chrome on XP (b42eabfcea522209956eafc73745ce7b)] -> xpath: //*[@id="menu"]/div/ul/li[8]/div/span]]]>
            </line>
            <line>
              <![CDATA[x获取网页元素成功，元素定位：//*[@id="menu"]/div/ul/li[6]/ul/li[6]]]>
            </line>
            <line>
              <![CDATA[[[ChromeDriver: chrome on XP (b42eabfcea522209956eafc73745ce7b)] -> xpath: //*[@id="menu"]/div/ul/li[6]/ul/li[6]]元素被点击]]>
            </line>
            <line>
              <![CDATA[页面强制等待：2000毫秒]]>
            </line>
            <line>
              <![CDATA[下移屏幕]]>
            </line>
            <line>
              <![CDATA[x获取网页元素成功，元素定位：//*[@id="home"]/div[2]/div/div/div[2]/div[3]/div[1]/div/div/input]]>
            </line>
            <line>
              <![CDATA[图片添加成功]]>
            </line>
            <line>
              <![CDATA[x获取网页元素成功，元素定位：//*[@id="home"]/div[2]/div/div/div[2]/div[3]/div[3]/button]]>
            </line>
            <line>
              <![CDATA[[[ChromeDriver: chrome on XP (b42eabfcea522209956eafc73745ce7b)] -> xpath: //*[@id="home"]/div[2]/div/div/div[2]/div[3]/div[3]/button]元素被点击]]>
            </line>
          </reporter-output>
        </test-method> <!-- addApp -->
        <test-method status="PASS" signature="destory()[pri:0, instance:test.LunBoTest@59f99ea]" name="destory" is-config="true" duration-ms="0" started-at="2018-08-20T14:36:33Z" finished-at="2018-08-20T14:36:33Z">
          <reporter-output>
            <line>
              <![CDATA[退出浏览器，退出驱动]]>
            </line>
          </reporter-output>
        </test-method> <!-- destory -->
      </class> <!-- test.LunBoTest -->
      <class name="test.TGTest">
        <test-method status="PASS" signature="init()[pri:0, instance:test.TGTest@6a41eaa2]" name="init" is-config="true" duration-ms="9072" started-at="2018-08-20T14:36:13Z" finished-at="2018-08-20T14:36:22Z">
          <reporter-output>
            <line>
              <![CDATA[打开网页：http://192.168.10.202/group/grouponHome.html]]>
            </line>
            <line>
              <![CDATA[将网页最大化]]>
            </line>
            <line>
              <![CDATA[页面强制等待：2000毫秒]]>
            </line>
            <line>
              <![CDATA[x获取网页元素成功，元素定位：/html/body/div[1]/div[1]/div/div[2]/div[2]/div[1]]]>
            </line>
            <line>
              <![CDATA[[[ChromeDriver: chrome on XP (b42eabfcea522209956eafc73745ce7b)] -> xpath: /html/body/div[1]/div[1]/div/div[2]/div[2]/div[1]]元素被点击]]>
            </line>
            <line>
              <![CDATA[确认脚本运行当前路径与期盼路径http://192.168.10.202/login.html?redirectURL=http%3A%2F%2F192.168.10.202%2Fgroup%2FgrouponHome.html一致]]>
            </line>
            <line>
              <![CDATA[当前页面url是：http://192.168.10.202/login.html?redirectURL=http%3A%2F%2F192.168.10.202%2Fgroup%2FgrouponHome.html]]>
            </line>
            <line>
              <![CDATA[断言验证：验证http://192.168.10.202/login.html?redirectURL=http%3A%2F%2F192.168.10.202%2Fgroup%2FgrouponHome.html与http://192.168.10.202/login.html?redirectURL=http%3A%2F%2F192.168.10.202%2Fgroup%2FgrouponHome.html相同]]>
            </line>
            <line>
              <![CDATA[x获取网页元素成功，元素定位：//*[@id="username"]]]>
            </line>
            <line>
              <![CDATA[[[ChromeDriver: chrome on XP (b42eabfcea522209956eafc73745ce7b)] -> xpath: //*[@id="username"]]元素被赋值：18868196139]]>
            </line>
            <line>
              <![CDATA[x获取网页元素成功，元素定位：//*[@id="password"]]]>
            </line>
            <line>
              <![CDATA[[[ChromeDriver: chrome on XP (b42eabfcea522209956eafc73745ce7b)] -> xpath: //*[@id="password"]]元素被赋值：dj123456]]>
            </line>
            <line>
              <![CDATA[x获取网页元素成功，元素定位：//*[@id="login-button"]]]>
            </line>
            <line>
              <![CDATA[[[ChromeDriver: chrome on XP (b42eabfcea522209956eafc73745ce7b)] -> xpath: //*[@id="login-button"]]元素被点击]]>
            </line>
            <line>
              <![CDATA[页面强制等待：2000毫秒]]>
            </line>
            <line>
              <![CDATA[x获取网页元素成功，元素定位：/html/body/div[1]/div[1]/div/div[2]/div[2]/div[2]/div[1]/span[1]]]>
            </line>
            <line>
              <![CDATA[断言验证：验证fsss果实企业与fsss果实企业相同]]>
            </line>
            <line>
              <![CDATA[成功登录团购平台，用户名：18868196139]]>
            </line>
          </reporter-output>
        </test-method> <!-- init -->
        <test-method status="FAIL" signature="tuangou_xiadan()[pri:0, instance:test.TGTest@6a41eaa2]" name="tuangou_xiadan" duration-ms="9485" started-at="2018-08-20T14:36:22Z" finished-at="2018-08-20T14:36:32Z">
          <exception class="org.openqa.selenium.NoSuchFrameException">
            <message>
              <![CDATA[no such frame
  (Session info: chrome=68.0.3440.106)
  (Driver info: chromedriver=2.38.552522 (437e6fbedfa8762dec75e2c5b3ddb86763dc9dcb),platform=Windows NT 10.0.16299 x86_64) (WARNING: The server did not provide any stacktrace information)
Command duration or timeout: 13 milliseconds
Build info: version: '2.53.0', revision: '35ae25b1534ae328c771e0856c93e187490ca824', time: '2016-03-15 10:43:46'
System info: host: 'DESKTOP5C', ip: '172.16.0.16', os.name: 'Windows 10', os.arch: 'amd64', os.version: '10.0', java.version: '1.8.0_112'
Driver info: org.openqa.selenium.chrome.ChromeDriver
Capabilities [{applicationCacheEnabled=false, rotatable=false, mobileEmulationEnabled=false, networkConnectionEnabled=false, chrome={chromedriverVersion=2.38.552522 (437e6fbedfa8762dec75e2c5b3ddb86763dc9dcb), userDataDir=C:\Users\admin\AppData\Local\Temp\scoped_dir13888_24649}, takesHeapSnapshot=true, pageLoadStrategy=normal, databaseEnabled=false, handlesAlerts=true, hasTouchScreen=false, version=68.0.3440.106, platform=XP, browserConnectionEnabled=false, nativeEvents=true, acceptSslCerts=false, acceptInsecureCerts=false, locationContextEnabled=true, webStorageEnabled=true, browserName=chrome, takesScreenshot=true, javascriptEnabled=true, cssSelectorsEnabled=true, setWindowRect=true, unexpectedAlertBehaviour=}]
Session ID: b42eabfcea522209956eafc73745ce7b]]>
            </message>
            <full-stacktrace>
              <![CDATA[org.openqa.selenium.NoSuchFrameException: no such frame
  (Session info: chrome=68.0.3440.106)
  (Driver info: chromedriver=2.38.552522 (437e6fbedfa8762dec75e2c5b3ddb86763dc9dcb),platform=Windows NT 10.0.16299 x86_64) (WARNING: The server did not provide any stacktrace information)
Command duration or timeout: 13 milliseconds
Build info: version: '2.53.0', revision: '35ae25b1534ae328c771e0856c93e187490ca824', time: '2016-03-15 10:43:46'
System info: host: 'DESKTOP5C', ip: '172.16.0.16', os.name: 'Windows 10', os.arch: 'amd64', os.version: '10.0', java.version: '1.8.0_112'
Driver info: org.openqa.selenium.chrome.ChromeDriver
Capabilities [{applicationCacheEnabled=false, rotatable=false, mobileEmulationEnabled=false, networkConnectionEnabled=false, chrome={chromedriverVersion=2.38.552522 (437e6fbedfa8762dec75e2c5b3ddb86763dc9dcb), userDataDir=C:\Users\admin\AppData\Local\Temp\scoped_dir13888_24649}, takesHeapSnapshot=true, pageLoadStrategy=normal, databaseEnabled=false, handlesAlerts=true, hasTouchScreen=false, version=68.0.3440.106, platform=XP, browserConnectionEnabled=false, nativeEvents=true, acceptSslCerts=false, acceptInsecureCerts=false, locationContextEnabled=true, webStorageEnabled=true, browserName=chrome, takesScreenshot=true, javascriptEnabled=true, cssSelectorsEnabled=true, setWindowRect=true, unexpectedAlertBehaviour=}]
Session ID: b42eabfcea522209956eafc73745ce7b
	at sun.reflect.NativeConstructorAccessorImpl.newInstance0(Native Method)
	at sun.reflect.NativeConstructorAccessorImpl.newInstance(NativeConstructorAccessorImpl.java:62)
	at sun.reflect.DelegatingConstructorAccessorImpl.newInstance(DelegatingConstructorAccessorImpl.java:45)
	at java.lang.reflect.Constructor.newInstance(Constructor.java:423)
	at org.openqa.selenium.remote.ErrorHandler.createThrowable(ErrorHandler.java:206)
	at org.openqa.selenium.remote.ErrorHandler.throwIfResponseFailed(ErrorHandler.java:158)
	at org.openqa.selenium.remote.RemoteWebDriver.execute(RemoteWebDriver.java:678)
	at org.openqa.selenium.remote.RemoteWebDriver$RemoteTargetLocator.frame(RemoteWebDriver.java:984)
	at pages.tuangou.TGHomePage.dd_again(TGHomePage.java:83)
	at test.TGTest.tuangou_xiadan(TGTest.java:41)
	at sun.reflect.NativeMethodAccessorImpl.invoke0(Native Method)
	at sun.reflect.NativeMethodAccessorImpl.invoke(NativeMethodAccessorImpl.java:62)
	at sun.reflect.DelegatingMethodAccessorImpl.invoke(DelegatingMethodAccessorImpl.java:43)
	at java.lang.reflect.Method.invoke(Method.java:498)
	at org.testng.internal.MethodInvocationHelper.invokeMethod(MethodInvocationHelper.java:80)
	at org.testng.internal.Invoker.invokeMethod(Invoker.java:714)
	at org.testng.internal.Invoker.invokeTestMethod(Invoker.java:901)
	at org.testng.internal.Invoker.invokeTestMethods(Invoker.java:1231)
	at org.testng.internal.TestMethodWorker.invokeTestMethods(TestMethodWorker.java:127)
	at org.testng.internal.TestMethodWorker.run(TestMethodWorker.java:111)
	at org.testng.TestRunner.privateRun(TestRunner.java:767)
	at org.testng.TestRunner.run(TestRunner.java:617)
	at org.testng.SuiteRunner.runTest(SuiteRunner.java:334)
	at org.testng.SuiteRunner.runSequentially(SuiteRunner.java:329)
	at org.testng.SuiteRunner.privateRun(SuiteRunner.java:291)
	at org.testng.SuiteRunner.run(SuiteRunner.java:240)
	at org.testng.SuiteRunnerWorker.runSuite(SuiteRunnerWorker.java:52)
	at org.testng.SuiteRunnerWorker.run(SuiteRunnerWorker.java:86)
	at org.testng.TestNG.runSuitesSequentially(TestNG.java:1198)
	at org.testng.TestNG.runSuitesLocally(TestNG.java:1123)
	at org.testng.TestNG.run(TestNG.java:1031)
	at org.testng.remote.AbstractRemoteTestNG.run(AbstractRemoteTestNG.java:132)
	at org.testng.remote.RemoteTestNG.initAndRun(RemoteTestNG.java:236)
	at org.testng.remote.RemoteTestNG.main(RemoteTestNG.java:81)
]]>
            </full-stacktrace>
          </exception> <!-- org.openqa.selenium.NoSuchFrameException -->
          <reporter-output>
            <line>
              <![CDATA[团购下单脚本开始]]>
            </line>
            <line>
              <![CDATA[x获取网页元素成功，元素定位：/html/body/div[1]/div[1]/div/div[2]/div[2]/div[2]/div[1]/span[2]]]>
            </line>
            <line>
              <![CDATA[[[ChromeDriver: chrome on XP (b42eabfcea522209956eafc73745ce7b)] -> xpath: /html/body/div[1]/div[1]/div/div[2]/div[2]/div[2]/div[1]/span[2]]元素被点击]]>
            </line>
            <line>
              <![CDATA[确认脚本运行当前路径与期盼路径http://192.168.10.202/personalCenter.html一致]]>
            </line>
            <line>
              <![CDATA[当前页面url是：http://192.168.10.202/personalCenter.html]]>
            </line>
            <line>
              <![CDATA[断言验证：验证http://192.168.10.202/personalCenter.html与http://192.168.10.202/personalCenter.html相同]]>
            </line>
            <line>
              <![CDATA[进入我的中心页面]]>
            </line>
            <line>
              <![CDATA[x获取网页元素成功，元素定位：/html/body/div[2]/div/div[1]/ul/li[1]/ul/li[1]/a]]>
            </line>
            <line>
              <![CDATA[[[ChromeDriver: chrome on XP (b42eabfcea522209956eafc73745ce7b)] -> xpath: /html/body/div[2]/div/div[1]/ul/li[1]/ul/li[1]/a]元素被点击]]>
            </line>
            <line>
              <![CDATA[确认脚本运行当前路径与期盼路径http://192.168.10.202/personalCenter.html#!paperboardOrder一致]]>
            </line>
            <line>
              <![CDATA[当前页面url是：http://192.168.10.202/personalCenter.html#!paperboardOrder]]>
            </line>
            <line>
              <![CDATA[断言验证：验证http://192.168.10.202/personalCenter.html#!paperboardOrder与http://192.168.10.202/personalCenter.html#!paperboardOrder相同]]>
            </line>
            <line>
              <![CDATA[进入纸板团购订单页面]]>
            </line>
            <line>
              <![CDATA[页面强制等待：2000毫秒]]>
            </line>
            <line>
              <![CDATA[进入纸板团购全部订单页面]]>
            </line>
            <line>
              <![CDATA[页面强制等待：2000毫秒]]>
            </line>
            <line>
              <![CDATA[x获取网页元素成功，元素定位：/html/body/div[2]/div[5]/div[1]/div/div[2]/ul[2]/li[6]/a[2]]]>
            </line>
            <line>
              <![CDATA[[[ChromeDriver: chrome on XP (b42eabfcea522209956eafc73745ce7b)] -> xpath: /html/body/div[2]/div[5]/div[1]/div/div[2]/ul[2]/li[6]/a[2]]元素被点击]]>
            </line>
            <line>
              <![CDATA[页面强制等待：2000毫秒]]>
            </line>
            <line>
              <![CDATA[页面强制等待：2000毫秒]]>
            </line>
            <line>
              <![CDATA[进入订单详情页面]]>
            </line>
            <line>
              <![CDATA[失败截图tuangou_xiadan_0820143632.png已保存]]>
            </line>
            <line>
              <![CDATA[错误截图链接<p><a href="../screens/2018-08-20/tuangou_xiadan_0820143632.png"  target="_blank">点击查看高清大图</a><p>]]>
            </line>
            <line>
              <![CDATA[<p>错误截图预览:<img id="img" src="../screens/2018-08-20/tuangou_xiadan_0820143632.png" alt="error shot" width="600" height="300"></p>]]>
            </line>
          </reporter-output>
        </test-method> <!-- tuangou_xiadan -->
        <test-method status="PASS" signature="destory()[pri:0, instance:test.TGTest@6a41eaa2]" name="destory" is-config="true" duration-ms="1210" started-at="2018-08-20T14:36:32Z" finished-at="2018-08-20T14:36:33Z">
          <reporter-output>
            <line>
              <![CDATA[退出浏览器，退出驱动]]>
            </line>
          </reporter-output>
        </test-method> <!-- destory -->
      </class> <!-- test.TGTest -->
    </test> <!-- 增加首页轮播图测试 -->
  </suite> <!-- ui自动化测试 -->
</testng-results>
