<?xml version="1.0" encoding="UTF-8"?>
<!-- Generated by org.testng.reporters.JUnitXMLReporter -->
<testsuite hostname="DESKTOP5C" name="增加首页轮播图测试" tests="7" failures="5" timestamp="20 Aug 2018 06:36:33 GMT" time="151.943" errors="0">
  <testcase name="addSYLB" time="16.223" classname="test.LunBoTest">
    <failure type="java.lang.AssertionError" message="轮播图位置已满，请先删除广告位！">
      <![CDATA[java.lang.AssertionError: 轮播图位置已满，请先删除广告位！
	at common.AssertUtil.assertNotEquals(AssertUtil.java:30)
	at pages.lunbo.SYLBPage.checkPicNum(SYLBPage.java:94)
	at pages.lunbo.SYLBPage.addSYLB(SYLBPage.java:49)
	at test.LunBoTest.addSYLB(LunBoTest.java:56)
... Removed 26 stack frames]]>
    </failure>
  </testcase> <!-- addSYLB -->
  <testcase name="addZBTG" time="15.881" classname="test.LunBoTest">
    <failure type="java.lang.AssertionError" message="轮播图位置已满，请先删除广告位！">
      <![CDATA[java.lang.AssertionError: 轮播图位置已满，请先删除广告位！
	at common.AssertUtil.assertNotEquals(AssertUtil.java:30)
	at pages.lunbo.SYLBPage.checkPicNum(SYLBPage.java:94)
	at pages.lunbo.ZBTGPage.addZBTG(ZBTGPage.java:31)
	at test.LunBoTest.addZBTG(LunBoTest.java:68)
... Removed 26 stack frames]]>
    </failure>
  </testcase> <!-- addZBTG -->
  <testcase name="addJFSC" time="15.756" classname="test.LunBoTest">
    <failure type="java.lang.AssertionError" message="轮播图位置已满，请先删除广告位！">
      <![CDATA[java.lang.AssertionError: 轮播图位置已满，请先删除广告位！
	at common.AssertUtil.assertNotEquals(AssertUtil.java:30)
	at pages.lunbo.SYLBPage.checkPicNum(SYLBPage.java:94)
	at pages.lunbo.JFSCPage.addJFSC(JFSCPage.java:27)
	at test.LunBoTest.addJFSC(LunBoTest.java:80)
... Removed 26 stack frames]]>
    </failure>
  </testcase> <!-- addJFSC -->
  <testcase name="addZBRK" time="16.469" classname="test.LunBoTest">
    <failure type="java.lang.AssertionError" message="元素定位失败！ expected [true] but found [false]">
      <![CDATA[java.lang.AssertionError: 元素定位失败！ expected [true] but found [false]
	at common.AssertUtil.assertEquals(AssertUtil.java:25)
	at pages.BasePage.getElement(BasePage.java:348)
	at pages.lunbo.JFTGRKPage.getEdit(JFTGRKPage.java:45)
	at pages.lunbo.JFTGRKPage.addJFRK(JFTGRKPage.java:30)
	at test.LunBoTest.addZBRK(LunBoTest.java:92)
... Removed 27 stack frames]]>
    </failure>
  </testcase> <!-- addZBRK -->
  <testcase name="addJFRK" time="17.999" classname="test.LunBoTest"/>
  <testcase name="addApp" time="16.961" classname="test.LunBoTest"/>
  <testcase name="tuangou_xiadan" time="9.485" classname="test.TGTest">
    <failure type="org.openqa.selenium.NoSuchFrameException" message="no such frame
  (Session info: chrome=68.0.3440.106)
  (Driver info: chromedriver=2.38.552522 (437e6fbedfa8762dec75e2c5b3ddb86763dc9dcb),platform=Windows NT 10.0.16299 x86_64) (WARNING: The server did not provide any stacktrace information)
Command duration or timeout: 13 milliseconds
Build info: version: &amp;apos;2.53.0&amp;apos;, revision: &amp;apos;35ae25b1534ae328c771e0856c93e187490ca824&amp;apos;, time: &amp;apos;2016-03-15 10:43:46&amp;apos;
System info: host: &amp;apos;DESKTOP5C&amp;apos;, ip: &amp;apos;172.16.0.16&amp;apos;, os.name: &amp;apos;Windows 10&amp;apos;, os.arch: &amp;apos;amd64&amp;apos;, os.version: &amp;apos;10.0&amp;apos;, java.version: &amp;apos;1.8.0_112&amp;apos;
Driver info: org.openqa.selenium.chrome.ChromeDriver
Capabilities [{applicationCacheEnabled=false, rotatable=false, mobileEmulationEnabled=false, networkConnectionEnabled=false, chrome={chromedriverVersion=2.38.552522 (437e6fbedfa8762dec75e2c5b3ddb86763dc9dcb), userDataDir=C:\Users\admin\AppData\Local\Temp\scoped_dir13888_24649}, takesHeapSnapshot=true, pageLoadStrategy=normal, databaseEnabled=false, handlesAlerts=true, hasTouchScreen=false, version=68.0.3440.106, platform=XP, browserConnectionEnabled=false, nativeEvents=true, acceptSslCerts=false, acceptInsecureCerts=false, locationContextEnabled=true, webStorageEnabled=true, browserName=chrome, takesScreenshot=true, javascriptEnabled=true, cssSelectorsEnabled=true, setWindowRect=true, unexpectedAlertBehaviour=}]
Session ID: b42eabfcea522209956eafc73745ce7b">
      <![CDATA[org.openqa.selenium.NoSuchFrameException: no such frame
  (Session info: chrome=68.0.3440.106)
  (Driver info: chromedriver=2.38.552522 (437e6fbedfa8762dec75e2c5b3ddb86763dc9dcb),platform=Windows NT 10.0.16299 x86_64) (WARNING: The server did not provide any stacktrace information)
Command duration or timeout: 13 milliseconds
Build info: version: '2.53.0', revision: '35ae25b1534ae328c771e0856c93e187490ca824', time: '2016-03-15 10:43:46'
System info: host: 'DESKTOP5C', ip: '172.16.0.16', os.name: 'Windows 10', os.arch: 'amd64', os.version: '10.0', java.version: '1.8.0_112'
Driver info: org.openqa.selenium.chrome.ChromeDriver
Capabilities [{applicationCacheEnabled=false, rotatable=false, mobileEmulationEnabled=false, networkConnectionEnabled=false, chrome={chromedriverVersion=2.38.552522 (437e6fbedfa8762dec75e2c5b3ddb86763dc9dcb), userDataDir=C:\Users\admin\AppData\Local\Temp\scoped_dir13888_24649}, takesHeapSnapshot=true, pageLoadStrategy=normal, databaseEnabled=false, handlesAlerts=true, hasTouchScreen=false, version=68.0.3440.106, platform=XP, browserConnectionEnabled=false, nativeEvents=true, acceptSslCerts=false, acceptInsecureCerts=false, locationContextEnabled=true, webStorageEnabled=true, browserName=chrome, takesScreenshot=true, javascriptEnabled=true, cssSelectorsEnabled=true, setWindowRect=true, unexpectedAlertBehaviour=}]
Session ID: b42eabfcea522209956eafc73745ce7b
	at org.openqa.selenium.remote.ErrorHandler.createThrowable(ErrorHandler.java:206)
	at org.openqa.selenium.remote.ErrorHandler.throwIfResponseFailed(ErrorHandler.java:158)
	at org.openqa.selenium.remote.RemoteWebDriver.execute(RemoteWebDriver.java:678)
	at org.openqa.selenium.remote.RemoteWebDriver$RemoteTargetLocator.frame(RemoteWebDriver.java:984)
	at pages.tuangou.TGHomePage.dd_again(TGHomePage.java:83)
	at test.TGTest.tuangou_xiadan(TGTest.java:41)
... Removed 28 stack frames]]>
    </failure>
  </testcase> <!-- tuangou_xiadan -->
</testsuite> <!-- 增加首页轮播图测试 -->
